<?xml version="1.0" ?>
<coverage version="7.11.3" timestamp="1763749780569" lines-valid="5898" lines-covered="3410" line-rate="0.5782" branches-covered="0" branches-valid="0" branch-rate="0" complexity="0">
	<!-- Generated by coverage.py: https://coverage.readthedocs.io/en/7.11.3 -->
	<!-- Based on https://raw.githubusercontent.com/cobertura/web/master/htdocs/xml/coverage-04.dtd -->
	<sources>
		<source>C:\PythonProjects\Himalytix</source>
	</sources>
	<packages>
		<package name="ERP.Inventory" line-rate="0.9276" branch-rate="0" complexity="0">
			<classes>
				<class name="__init__.py" filename="ERP/Inventory/__init__.py" complexity="0" line-rate="1" branch-rate="0">
					<methods/>
					<lines/>
				</class>
				<class name="admin.py" filename="ERP/Inventory/admin.py" complexity="0" line-rate="1" branch-rate="0">
					<methods/>
					<lines>
						<line number="1" hits="1"/>
						<line number="2" hits="1"/>
						<line number="3" hits="1"/>
						<line number="8" hits="1"/>
						<line number="9" hits="1"/>
						<line number="10" hits="1"/>
						<line number="11" hits="1"/>
						<line number="12" hits="1"/>
						<line number="13" hits="1"/>
						<line number="15" hits="1"/>
						<line number="16" hits="1"/>
						<line number="17" hits="1"/>
						<line number="21" hits="1"/>
						<line number="22" hits="1"/>
						<line number="23" hits="1"/>
						<line number="25" hits="1"/>
						<line number="26" hits="1"/>
						<line number="27" hits="1"/>
						<line number="28" hits="1"/>
						<line number="29" hits="1"/>
						<line number="30" hits="1"/>
						<line number="32" hits="1"/>
						<line number="33" hits="1"/>
						<line number="34" hits="1"/>
						<line number="35" hits="1"/>
						<line number="36" hits="1"/>
						<line number="38" hits="1"/>
						<line number="39" hits="1"/>
						<line number="40" hits="1"/>
						<line number="41" hits="1"/>
						<line number="42" hits="1"/>
						<line number="44" hits="1"/>
						<line number="45" hits="1"/>
						<line number="46" hits="1"/>
						<line number="50" hits="1"/>
						<line number="54" hits="1"/>
						<line number="55" hits="1"/>
						<line number="57" hits="1"/>
						<line number="58" hits="1"/>
						<line number="59" hits="1"/>
						<line number="63" hits="1"/>
						<line number="68" hits="1"/>
						<line number="69" hits="1"/>
						<line number="70" hits="1"/>
					</lines>
				</class>
				<class name="apps.py" filename="ERP/Inventory/apps.py" complexity="0" line-rate="1" branch-rate="0">
					<methods/>
					<lines>
						<line number="1" hits="1"/>
						<line number="4" hits="1"/>
						<line number="5" hits="1"/>
						<line number="6" hits="1"/>
					</lines>
				</class>
				<class name="models.py" filename="ERP/Inventory/models.py" complexity="0" line-rate="0.8942" branch-rate="0">
					<methods/>
					<lines>
						<line number="2" hits="1"/>
						<line number="3" hits="1"/>
						<line number="4" hits="1"/>
						<line number="5" hits="1"/>
						<line number="6" hits="1"/>
						<line number="10" hits="1"/>
						<line number="11" hits="1"/>
						<line number="12" hits="1"/>
						<line number="13" hits="1"/>
						<line number="14" hits="1"/>
						<line number="16" hits="1"/>
						<line number="17" hits="1"/>
						<line number="18" hits="1"/>
						<line number="19" hits="1"/>
						<line number="20" hits="0"/>
						<line number="22" hits="1"/>
						<line number="23" hits="1"/>
						<line number="24" hits="1"/>
						<line number="26" hits="1"/>
						<line number="27" hits="1"/>
						<line number="28" hits="1"/>
						<line number="29" hits="1"/>
						<line number="30" hits="1"/>
						<line number="31" hits="1"/>
						<line number="32" hits="1"/>
						<line number="33" hits="1"/>
						<line number="35" hits="1"/>
						<line number="37" hits="1"/>
						<line number="39" hits="1"/>
						<line number="40" hits="1"/>
						<line number="41" hits="1"/>
						<line number="42" hits="1"/>
						<line number="43" hits="1"/>
						<line number="44" hits="1"/>
						<line number="45" hits="1"/>
						<line number="46" hits="1"/>
						<line number="47" hits="1"/>
						<line number="48" hits="1"/>
						<line number="49" hits="0"/>
						<line number="52" hits="1"/>
						<line number="53" hits="1"/>
						<line number="54" hits="1"/>
						<line number="55" hits="1"/>
						<line number="56" hits="1"/>
						<line number="57" hits="1"/>
						<line number="58" hits="1"/>
						<line number="59" hits="1"/>
						<line number="61" hits="1"/>
						<line number="62" hits="1"/>
						<line number="63" hits="1"/>
						<line number="64" hits="0"/>
						<line number="66" hits="1"/>
						<line number="67" hits="1"/>
						<line number="68" hits="1"/>
						<line number="69" hits="1"/>
						<line number="70" hits="1"/>
						<line number="71" hits="1"/>
						<line number="72" hits="1"/>
						<line number="73" hits="1"/>
						<line number="74" hits="0"/>
						<line number="77" hits="1"/>
						<line number="78" hits="1"/>
						<line number="79" hits="1"/>
						<line number="80" hits="1"/>
						<line number="81" hits="1"/>
						<line number="82" hits="1"/>
						<line number="83" hits="1"/>
						<line number="84" hits="1"/>
						<line number="85" hits="1"/>
						<line number="86" hits="0"/>
						<line number="89" hits="1"/>
						<line number="90" hits="1"/>
						<line number="91" hits="1"/>
						<line number="92" hits="1"/>
						<line number="93" hits="1"/>
						<line number="94" hits="1"/>
						<line number="95" hits="1"/>
						<line number="96" hits="1"/>
						<line number="97" hits="1"/>
						<line number="98" hits="1"/>
						<line number="99" hits="1"/>
						<line number="100" hits="1"/>
						<line number="101" hits="0"/>
						<line number="102" hits="0"/>
						<line number="103" hits="0"/>
						<line number="106" hits="1"/>
						<line number="107" hits="1"/>
						<line number="108" hits="1"/>
						<line number="109" hits="1"/>
						<line number="110" hits="1"/>
						<line number="111" hits="1"/>
						<line number="112" hits="1"/>
						<line number="113" hits="1"/>
						<line number="114" hits="1"/>
						<line number="115" hits="1"/>
						<line number="116" hits="1"/>
						<line number="117" hits="1"/>
						<line number="118" hits="1"/>
						<line number="119" hits="1"/>
						<line number="120" hits="1"/>
						<line number="121" hits="1"/>
						<line number="122" hits="0"/>
						<line number="123" hits="0"/>
						<line number="124" hits="0"/>
					</lines>
				</class>
			</classes>
		</package>
		<package name="ERP.accounting" line-rate="0.7392" branch-rate="0" complexity="0">
			<classes>
				<class name="__init__.py" filename="ERP/accounting/__init__.py" complexity="0" line-rate="1" branch-rate="0">
					<methods/>
					<lines/>
				</class>
				<class name="admin.py" filename="ERP/accounting/admin.py" complexity="0" line-rate="1" branch-rate="0">
					<methods/>
					<lines>
						<line number="1" hits="1"/>
						<line number="2" hits="1"/>
						<line number="68" hits="1"/>
						<line number="69" hits="1"/>
						<line number="70" hits="1"/>
						<line number="71" hits="1"/>
						<line number="72" hits="1"/>
						<line number="73" hits="1"/>
						<line number="74" hits="1"/>
						<line number="75" hits="1"/>
						<line number="76" hits="1"/>
						<line number="77" hits="1"/>
						<line number="78" hits="1"/>
						<line number="79" hits="1"/>
						<line number="80" hits="1"/>
						<line number="81" hits="1"/>
						<line number="82" hits="1"/>
						<line number="83" hits="1"/>
						<line number="84" hits="1"/>
						<line number="85" hits="1"/>
						<line number="86" hits="1"/>
						<line number="87" hits="1"/>
						<line number="88" hits="1"/>
						<line number="89" hits="1"/>
						<line number="90" hits="1"/>
						<line number="91" hits="1"/>
						<line number="93" hits="1"/>
						<line number="94" hits="1"/>
						<line number="95" hits="1"/>
						<line number="96" hits="1"/>
						<line number="97" hits="1"/>
						<line number="98" hits="1"/>
						<line number="99" hits="1"/>
						<line number="102" hits="1"/>
						<line number="103" hits="1"/>
						<line number="104" hits="1"/>
						<line number="105" hits="1"/>
						<line number="108" hits="1"/>
						<line number="109" hits="1"/>
						<line number="110" hits="1"/>
						<line number="111" hits="1"/>
						<line number="114" hits="1"/>
						<line number="115" hits="1"/>
						<line number="116" hits="1"/>
						<line number="117" hits="1"/>
						<line number="120" hits="1"/>
						<line number="121" hits="1"/>
						<line number="122" hits="1"/>
						<line number="123" hits="1"/>
						<line number="124" hits="1"/>
						<line number="125" hits="1"/>
						<line number="128" hits="1"/>
						<line number="129" hits="1"/>
						<line number="130" hits="1"/>
						<line number="131" hits="1"/>
						<line number="134" hits="1"/>
						<line number="135" hits="1"/>
						<line number="136" hits="1"/>
						<line number="137" hits="1"/>
						<line number="140" hits="1"/>
						<line number="141" hits="1"/>
						<line number="142" hits="1"/>
						<line number="143" hits="1"/>
						<line number="146" hits="1"/>
						<line number="147" hits="1"/>
						<line number="148" hits="1"/>
						<line number="149" hits="1"/>
						<line number="150" hits="1"/>
						<line number="151" hits="1"/>
						<line number="154" hits="1"/>
						<line number="155" hits="1"/>
						<line number="156" hits="1"/>
						<line number="157" hits="1"/>
						<line number="158" hits="1"/>
						<line number="161" hits="1"/>
						<line number="162" hits="1"/>
						<line number="163" hits="1"/>
						<line number="164" hits="1"/>
						<line number="165" hits="1"/>
						<line number="168" hits="1"/>
						<line number="169" hits="1"/>
						<line number="170" hits="1"/>
						<line number="171" hits="1"/>
						<line number="172" hits="1"/>
						<line number="175" hits="1"/>
						<line number="176" hits="1"/>
						<line number="177" hits="1"/>
						<line number="178" hits="1"/>
						<line number="190" hits="1"/>
						<line number="193" hits="1"/>
						<line number="194" hits="1"/>
						<line number="195" hits="1"/>
						<line number="196" hits="1"/>
						<line number="206" hits="1"/>
						<line number="209" hits="1"/>
						<line number="210" hits="1"/>
						<line number="211" hits="1"/>
						<line number="220" hits="1"/>
						<line number="221" hits="1"/>
						<line number="222" hits="1"/>
						<line number="223" hits="1"/>
						<line number="226" hits="1"/>
						<line number="227" hits="1"/>
						<line number="228" hits="1"/>
						<line number="229" hits="1"/>
						<line number="239" hits="1"/>
						<line number="242" hits="1"/>
						<line number="243" hits="1"/>
						<line number="244" hits="1"/>
						<line number="252" hits="1"/>
						<line number="253" hits="1"/>
						<line number="254" hits="1"/>
						<line number="255" hits="1"/>
						<line number="258" hits="1"/>
						<line number="259" hits="1"/>
						<line number="260" hits="1"/>
						<line number="261" hits="1"/>
						<line number="264" hits="1"/>
						<line number="265" hits="1"/>
						<line number="266" hits="1"/>
						<line number="267" hits="1"/>
						<line number="268" hits="1"/>
						<line number="269" hits="1"/>
						<line number="272" hits="1"/>
						<line number="273" hits="1"/>
						<line number="274" hits="1"/>
						<line number="275" hits="1"/>
						<line number="276" hits="1"/>
						<line number="279" hits="1"/>
						<line number="280" hits="1"/>
						<line number="281" hits="1"/>
						<line number="282" hits="1"/>
						<line number="285" hits="1"/>
						<line number="286" hits="1"/>
						<line number="287" hits="1"/>
						<line number="288" hits="1"/>
						<line number="289" hits="1"/>
						<line number="290" hits="1"/>
						<line number="293" hits="1"/>
						<line number="294" hits="1"/>
						<line number="295" hits="1"/>
						<line number="296" hits="1"/>
						<line number="299" hits="1"/>
						<line number="300" hits="1"/>
						<line number="301" hits="1"/>
						<line number="302" hits="1"/>
						<line number="305" hits="1"/>
						<line number="306" hits="1"/>
						<line number="307" hits="1"/>
						<line number="308" hits="1"/>
						<line number="309" hits="1"/>
						<line number="312" hits="1"/>
						<line number="313" hits="1"/>
						<line number="314" hits="1"/>
						<line number="315" hits="1"/>
						<line number="318" hits="1"/>
						<line number="319" hits="1"/>
						<line number="320" hits="1"/>
						<line number="321" hits="1"/>
						<line number="324" hits="1"/>
						<line number="325" hits="1"/>
						<line number="326" hits="1"/>
						<line number="327" hits="1"/>
						<line number="328" hits="1"/>
						<line number="331" hits="1"/>
						<line number="332" hits="1"/>
						<line number="333" hits="1"/>
						<line number="334" hits="1"/>
						<line number="335" hits="1"/>
						<line number="336" hits="1"/>
						<line number="339" hits="1"/>
						<line number="340" hits="1"/>
						<line number="341" hits="1"/>
						<line number="342" hits="1"/>
						<line number="345" hits="1"/>
						<line number="346" hits="1"/>
						<line number="347" hits="1"/>
						<line number="348" hits="1"/>
						<line number="356" hits="1"/>
						<line number="358" hits="1"/>
						<line number="359" hits="1"/>
						<line number="360" hits="1"/>
						<line number="361" hits="1"/>
						<line number="362" hits="1"/>
						<line number="363" hits="1"/>
						<line number="364" hits="1"/>
						<line number="365" hits="1"/>
						<line number="366" hits="1"/>
						<line number="367" hits="1"/>
						<line number="368" hits="1"/>
						<line number="369" hits="1"/>
					</lines>
				</class>
				<class name="apps.py" filename="ERP/accounting/apps.py" complexity="0" line-rate="1" branch-rate="0">
					<methods/>
					<lines>
						<line number="1" hits="1"/>
						<line number="4" hits="1"/>
						<line number="5" hits="1"/>
						<line number="6" hits="1"/>
						<line number="7" hits="1"/>
						<line number="9" hits="1"/>
					</lines>
				</class>
				<class name="ird_service.py" filename="ERP/accounting/ird_service.py" complexity="0" line-rate="0.2766" branch-rate="0">
					<methods/>
					<lines>
						<line number="13" hits="1"/>
						<line number="15" hits="1"/>
						<line number="16" hits="1"/>
						<line number="17" hits="1"/>
						<line number="18" hits="1"/>
						<line number="19" hits="1"/>
						<line number="20" hits="1"/>
						<line number="21" hits="1"/>
						<line number="22" hits="1"/>
						<line number="24" hits="1"/>
						<line number="25" hits="1"/>
						<line number="28" hits="1"/>
						<line number="29" hits="1"/>
						<line number="32" hits="1"/>
						<line number="34" hits="0"/>
						<line number="35" hits="0"/>
						<line number="36" hits="0"/>
						<line number="38" hits="0"/>
						<line number="39" hits="0"/>
						<line number="40" hits="0"/>
						<line number="43" hits="1"/>
						<line number="44" hits="0"/>
						<line number="45" hits="0"/>
						<line number="46" hits="0"/>
						<line number="47" hits="0"/>
						<line number="50" hits="1"/>
						<line number="52" hits="0"/>
						<line number="53" hits="0"/>
						<line number="54" hits="0"/>
						<line number="55" hits="0"/>
						<line number="58" hits="1"/>
						<line number="66" hits="0"/>
						<line number="67" hits="0"/>
						<line number="69" hits="0"/>
						<line number="93" hits="0"/>
						<line number="94" hits="0"/>
						<line number="108" hits="0"/>
						<line number="111" hits="1"/>
						<line number="119" hits="0"/>
						<line number="120" hits="0"/>
						<line number="121" hits="0"/>
						<line number="124" hits="1"/>
						<line number="125" hits="1"/>
						<line number="126" hits="1"/>
						<line number="127" hits="1"/>
						<line number="128" hits="1"/>
						<line number="129" hits="1"/>
						<line number="132" hits="1"/>
						<line number="134" hits="0"/>
						<line number="135" hits="0"/>
						<line number="136" hits="0"/>
						<line number="137" hits="0"/>
						<line number="138" hits="0"/>
						<line number="139" hits="0"/>
						<line number="140" hits="0"/>
						<line number="141" hits="0"/>
						<line number="142" hits="0"/>
						<line number="144" hits="0"/>
						<line number="147" hits="1"/>
						<line number="169" hits="0"/>
						<line number="170" hits="0"/>
						<line number="171" hits="0"/>
						<line number="173" hits="0"/>
						<line number="174" hits="0"/>
						<line number="176" hits="0"/>
						<line number="177" hits="0"/>
						<line number="178" hits="0"/>
						<line number="180" hits="0"/>
						<line number="181" hits="0"/>
						<line number="182" hits="0"/>
						<line number="183" hits="0"/>
						<line number="184" hits="0"/>
						<line number="185" hits="0"/>
						<line number="186" hits="0"/>
						<line number="187" hits="0"/>
						<line number="188" hits="0"/>
						<line number="189" hits="0"/>
						<line number="190" hits="0"/>
						<line number="192" hits="0"/>
						<line number="193" hits="0"/>
						<line number="194" hits="0"/>
						<line number="195" hits="0"/>
						<line number="197" hits="0"/>
						<line number="204" hits="0"/>
						<line number="212" hits="0"/>
						<line number="213" hits="0"/>
						<line number="214" hits="0"/>
						<line number="215" hits="0"/>
						<line number="216" hits="0"/>
						<line number="217" hits="0"/>
						<line number="218" hits="0"/>
						<line number="220" hits="0"/>
						<line number="222" hits="0"/>
						<line number="224" hits="0"/>
					</lines>
				</class>
				<class name="models.py" filename="ERP/accounting/models.py" complexity="0" line-rate="0.7356" branch-rate="0">
					<methods/>
					<lines>
						<line number="2" hits="1"/>
						<line number="3" hits="1"/>
						<line number="5" hits="1"/>
						<line number="6" hits="1"/>
						<line number="7" hits="1"/>
						<line number="8" hits="1"/>
						<line number="9" hits="1"/>
						<line number="10" hits="1"/>
						<line number="11" hits="1"/>
						<line number="12" hits="1"/>
						<line number="13" hits="1"/>
						<line number="14" hits="1"/>
						<line number="15" hits="1"/>
						<line number="16" hits="1"/>
						<line number="17" hits="1"/>
						<line number="19" hits="1"/>
						<line number="21" hits="1"/>
						<line number="22" hits="1"/>
						<line number="23" hits="1"/>
						<line number="24" hits="1"/>
						<line number="26" hits="1"/>
						<line number="27" hits="1"/>
						<line number="28" hits="1"/>
						<line number="29" hits="1"/>
						<line number="30" hits="1"/>
						<line number="31" hits="1"/>
						<line number="32" hits="1"/>
						<line number="33" hits="1"/>
						<line number="34" hits="1"/>
						<line number="35" hits="1"/>
						<line number="37" hits="1"/>
						<line number="38" hits="1"/>
						<line number="39" hits="1"/>
						<line number="44" hits="1"/>
						<line number="45" hits="0"/>
						<line number="46" hits="0"/>
						<line number="47" hits="0"/>
						<line number="48" hits="0"/>
						<line number="50" hits="1"/>
						<line number="51" hits="1"/>
						<line number="52" hits="0"/>
						<line number="53" hits="0"/>
						<line number="54" hits="0"/>
						<line number="55" hits="0"/>
						<line number="57" hits="1"/>
						<line number="58" hits="0"/>
						<line number="59" hits="0"/>
						<line number="62" hits="0"/>
						<line number="63" hits="0"/>
						<line number="64" hits="0"/>
						<line number="68" hits="0"/>
						<line number="69" hits="0"/>
						<line number="71" hits="1"/>
						<line number="77" hits="1"/>
						<line number="82" hits="1"/>
						<line number="83" hits="1"/>
						<line number="84" hits="1"/>
						<line number="89" hits="1"/>
						<line number="90" hits="1"/>
						<line number="91" hits="1"/>
						<line number="92" hits="1"/>
						<line number="93" hits="1"/>
						<line number="94" hits="1"/>
						<line number="95" hits="1"/>
						<line number="96" hits="1"/>
						<line number="97" hits="1"/>
						<line number="98" hits="1"/>
						<line number="99" hits="1"/>
						<line number="100" hits="1"/>
						<line number="101" hits="1"/>
						<line number="102" hits="1"/>
						<line number="103" hits="1"/>
						<line number="104" hits="1"/>
						<line number="105" hits="1"/>
						<line number="107" hits="1"/>
						<line number="108" hits="1"/>
						<line number="109" hits="1"/>
						<line number="110" hits="1"/>
						<line number="111" hits="1"/>
						<line number="115" hits="1"/>
						<line number="132" hits="1"/>
						<line number="133" hits="0"/>
						<line number="135" hits="1"/>
						<line number="136" hits="0"/>
						<line number="138" hits="0"/>
						<line number="139" hits="0"/>
						<line number="142" hits="0"/>
						<line number="143" hits="0"/>
						<line number="144" hits="0"/>
						<line number="145" hits="0"/>
						<line number="146" hits="0"/>
						<line number="147" hits="0"/>
						<line number="150" hits="0"/>
						<line number="151" hits="0"/>
						<line number="152" hits="0"/>
						<line number="153" hits="0"/>
						<line number="154" hits="0"/>
						<line number="155" hits="0"/>
						<line number="158" hits="0"/>
						<line number="163" hits="0"/>
						<line number="164" hits="0"/>
						<line number="165" hits="0"/>
						<line number="166" hits="0"/>
						<line number="169" hits="0"/>
						<line number="177" hits="0"/>
						<line number="178" hits="0"/>
						<line number="182" hits="0"/>
						<line number="190" hits="0"/>
						<line number="191" hits="0"/>
						<line number="195" hits="1"/>
						<line number="196" hits="1"/>
						<line number="198" hits="0"/>
						<line number="199" hits="0"/>
						<line number="200" hits="0"/>
						<line number="203" hits="0"/>
						<line number="204" hits="0"/>
						<line number="205" hits="0"/>
						<line number="206" hits="0"/>
						<line number="208" hits="0"/>
						<line number="209" hits="0"/>
						<line number="210" hits="1"/>
						<line number="211" hits="0"/>
						<line number="212" hits="0"/>
						<line number="213" hits="0"/>
						<line number="214" hits="0"/>
						<line number="216" hits="0"/>
						<line number="217" hits="0"/>
						<line number="219" hits="0"/>
						<line number="220" hits="0"/>
						<line number="221" hits="0"/>
						<line number="222" hits="0"/>
						<line number="226" hits="1"/>
						<line number="231" hits="1"/>
						<line number="237" hits="1"/>
						<line number="238" hits="1"/>
						<line number="239" hits="1"/>
						<line number="240" hits="1"/>
						<line number="241" hits="1"/>
						<line number="242" hits="1"/>
						<line number="243" hits="1"/>
						<line number="244" hits="1"/>
						<line number="245" hits="1"/>
						<line number="246" hits="1"/>
						<line number="247" hits="1"/>
						<line number="248" hits="1"/>
						<line number="249" hits="1"/>
						<line number="250" hits="1"/>
						<line number="251" hits="1"/>
						<line number="252" hits="1"/>
						<line number="253" hits="1"/>
						<line number="254" hits="1"/>
						<line number="256" hits="1"/>
						<line number="257" hits="1"/>
						<line number="258" hits="1"/>
						<line number="259" hits="1"/>
						<line number="267" hits="1"/>
						<line number="268" hits="0"/>
						<line number="270" hits="1"/>
						<line number="271" hits="0"/>
						<line number="273" hits="0"/>
						<line number="274" hits="0"/>
						<line number="277" hits="0"/>
						<line number="278" hits="0"/>
						<line number="279" hits="0"/>
						<line number="280" hits="0"/>
						<line number="284" hits="0"/>
						<line number="289" hits="0"/>
						<line number="290" hits="0"/>
						<line number="291" hits="0"/>
						<line number="292" hits="0"/>
						<line number="294" hits="0"/>
						<line number="295" hits="0"/>
						<line number="296" hits="0"/>
						<line number="297" hits="0"/>
						<line number="298" hits="0"/>
						<line number="299" hits="0"/>
						<line number="302" hits="1"/>
						<line number="303" hits="1"/>
						<line number="307" hits="0"/>
						<line number="314" hits="1"/>
						<line number="315" hits="1"/>
						<line number="317" hits="0"/>
						<line number="318" hits="0"/>
						<line number="321" hits="0"/>
						<line number="328" hits="0"/>
						<line number="329" hits="0"/>
						<line number="332" hits="0"/>
						<line number="337" hits="0"/>
						<line number="339" hits="1"/>
						<line number="340" hits="1"/>
						<line number="341" hits="1"/>
						<line number="347" hits="1"/>
						<line number="348" hits="1"/>
						<line number="349" hits="1"/>
						<line number="350" hits="1"/>
						<line number="351" hits="1"/>
						<line number="352" hits="1"/>
						<line number="353" hits="1"/>
						<line number="354" hits="1"/>
						<line number="355" hits="1"/>
						<line number="356" hits="1"/>
						<line number="357" hits="1"/>
						<line number="358" hits="1"/>
						<line number="360" hits="1"/>
						<line number="361" hits="1"/>
						<line number="362" hits="1"/>
						<line number="363" hits="1"/>
						<line number="369" hits="1"/>
						<line number="371" hits="0"/>
						<line number="373" hits="1"/>
						<line number="374" hits="1"/>
						<line number="375" hits="1"/>
						<line number="376" hits="1"/>
						<line number="377" hits="1"/>
						<line number="378" hits="1"/>
						<line number="379" hits="1"/>
						<line number="380" hits="1"/>
						<line number="381" hits="1"/>
						<line number="382" hits="1"/>
						<line number="383" hits="1"/>
						<line number="384" hits="1"/>
						<line number="385" hits="1"/>
						<line number="386" hits="1"/>
						<line number="387" hits="1"/>
						<line number="389" hits="1"/>
						<line number="390" hits="1"/>
						<line number="391" hits="1"/>
						<line number="392" hits="1"/>
						<line number="398" hits="1"/>
						<line number="399" hits="0"/>
						<line number="400" hits="1"/>
						<line number="401" hits="0"/>
						<line number="402" hits="0"/>
						<line number="403" hits="0"/>
						<line number="404" hits="0"/>
						<line number="405" hits="1"/>
						<line number="406" hits="1"/>
						<line number="407" hits="1"/>
						<line number="408" hits="1"/>
						<line number="409" hits="1"/>
						<line number="410" hits="1"/>
						<line number="411" hits="1"/>
						<line number="412" hits="1"/>
						<line number="413" hits="1"/>
						<line number="414" hits="1"/>
						<line number="415" hits="1"/>
						<line number="416" hits="1"/>
						<line number="417" hits="1"/>
						<line number="418" hits="1"/>
						<line number="419" hits="1"/>
						<line number="421" hits="1"/>
						<line number="422" hits="1"/>
						<line number="423" hits="1"/>
						<line number="424" hits="1"/>
						<line number="430" hits="1"/>
						<line number="431" hits="0"/>
						<line number="433" hits="1"/>
						<line number="434" hits="1"/>
						<line number="441" hits="1"/>
						<line number="448" hits="1"/>
						<line number="480" hits="1"/>
						<line number="481" hits="1"/>
						<line number="482" hits="1"/>
						<line number="483" hits="1"/>
						<line number="484" hits="1"/>
						<line number="485" hits="1"/>
						<line number="486" hits="1"/>
						<line number="487" hits="1"/>
						<line number="488" hits="1"/>
						<line number="489" hits="1"/>
						<line number="490" hits="1"/>
						<line number="492" hits="1"/>
						<line number="494" hits="1"/>
						<line number="495" hits="1"/>
						<line number="496" hits="1"/>
						<line number="497" hits="1"/>
						<line number="498" hits="1"/>
						<line number="499" hits="1"/>
						<line number="500" hits="1"/>
						<line number="501" hits="1"/>
						<line number="503" hits="1"/>
						<line number="504" hits="0"/>
						<line number="505" hits="1"/>
						<line number="506" hits="0"/>
						<line number="507" hits="0"/>
						<line number="514" hits="0"/>
						<line number="515" hits="0"/>
						<line number="516" hits="0"/>
						<line number="517" hits="0"/>
						<line number="518" hits="0"/>
						<line number="519" hits="0"/>
						<line number="520" hits="0"/>
						<line number="521" hits="0"/>
						<line number="522" hits="0"/>
						<line number="523" hits="0"/>
						<line number="524" hits="0"/>
						<line number="525" hits="0"/>
						<line number="526" hits="0"/>
						<line number="528" hits="0"/>
						<line number="535" hits="0"/>
						<line number="536" hits="0"/>
						<line number="537" hits="0"/>
						<line number="538" hits="0"/>
						<line number="539" hits="0"/>
						<line number="541" hits="0"/>
						<line number="543" hits="0"/>
						<line number="544" hits="0"/>
						<line number="546" hits="0"/>
						<line number="548" hits="1"/>
						<line number="549" hits="1"/>
						<line number="550" hits="1"/>
						<line number="551" hits="1"/>
						<line number="556" hits="1"/>
						<line number="557" hits="1"/>
						<line number="558" hits="1"/>
						<line number="559" hits="1"/>
						<line number="560" hits="1"/>
						<line number="561" hits="1"/>
						<line number="562" hits="1"/>
						<line number="563" hits="1"/>
						<line number="564" hits="1"/>
						<line number="565" hits="1"/>
						<line number="566" hits="1"/>
						<line number="567" hits="1"/>
						<line number="569" hits="1"/>
						<line number="570" hits="1"/>
						<line number="571" hits="1"/>
						<line number="572" hits="1"/>
						<line number="574" hits="1"/>
						<line number="575" hits="0"/>
						<line number="578" hits="1"/>
						<line number="580" hits="1"/>
						<line number="581" hits="1"/>
						<line number="584" hits="1"/>
						<line number="587" hits="1"/>
						<line number="588" hits="0"/>
						<line number="591" hits="1"/>
						<line number="595" hits="1"/>
						<line number="602" hits="1"/>
						<line number="603" hits="1"/>
						<line number="604" hits="1"/>
						<line number="610" hits="1"/>
						<line number="611" hits="1"/>
						<line number="612" hits="1"/>
						<line number="613" hits="1"/>
						<line number="614" hits="1"/>
						<line number="615" hits="1"/>
						<line number="616" hits="1"/>
						<line number="617" hits="1"/>
						<line number="619" hits="1"/>
						<line number="620" hits="1"/>
						<line number="621" hits="1"/>
						<line number="622" hits="1"/>
						<line number="623" hits="1"/>
						<line number="624" hits="1"/>
						<line number="630" hits="1"/>
						<line number="631" hits="1"/>
						<line number="632" hits="1"/>
						<line number="633" hits="1"/>
						<line number="634" hits="1"/>
						<line number="635" hits="1"/>
						<line number="636" hits="1"/>
						<line number="637" hits="1"/>
						<line number="638" hits="1"/>
						<line number="639" hits="1"/>
						<line number="640" hits="1"/>
						<line number="641" hits="1"/>
						<line number="642" hits="1"/>
						<line number="643" hits="1"/>
						<line number="644" hits="1"/>
						<line number="645" hits="1"/>
						<line number="646" hits="1"/>
						<line number="647" hits="1"/>
						<line number="648" hits="1"/>
						<line number="649" hits="1"/>
						<line number="650" hits="1"/>
						<line number="652" hits="1"/>
						<line number="653" hits="1"/>
						<line number="655" hits="1"/>
						<line number="656" hits="1"/>
						<line number="657" hits="1"/>
						<line number="658" hits="1"/>
						<line number="659" hits="1"/>
						<line number="669" hits="1"/>
						<line number="670" hits="0"/>
						<line number="672" hits="1"/>
						<line number="674" hits="0"/>
						<line number="675" hits="0"/>
						<line number="676" hits="0"/>
						<line number="677" hits="0"/>
						<line number="680" hits="1"/>
						<line number="681" hits="1"/>
						<line number="682" hits="0"/>
						<line number="684" hits="1"/>
						<line number="685" hits="1"/>
						<line number="686" hits="0"/>
						<line number="688" hits="1"/>
						<line number="689" hits="1"/>
						<line number="690" hits="0"/>
						<line number="692" hits="1"/>
						<line number="694" hits="0"/>
						<line number="695" hits="0"/>
						<line number="696" hits="0"/>
						<line number="697" hits="0"/>
						<line number="698" hits="0"/>
						<line number="699" hits="0"/>
						<line number="700" hits="0"/>
						<line number="701" hits="0"/>
						<line number="702" hits="0"/>
						<line number="703" hits="0"/>
						<line number="707" hits="0"/>
						<line number="708" hits="0"/>
						<line number="709" hits="0"/>
						<line number="710" hits="0"/>
						<line number="711" hits="0"/>
						<line number="713" hits="0"/>
						<line number="714" hits="0"/>
						<line number="717" hits="0"/>
						<line number="719" hits="0"/>
						<line number="720" hits="0"/>
						<line number="721" hits="0"/>
						<line number="723" hits="0"/>
						<line number="724" hits="0"/>
						<line number="725" hits="0"/>
						<line number="727" hits="0"/>
						<line number="728" hits="0"/>
						<line number="729" hits="0"/>
						<line number="730" hits="0"/>
						<line number="731" hits="0"/>
						<line number="732" hits="1"/>
						<line number="733" hits="0"/>
						<line number="734" hits="0"/>
						<line number="736" hits="0"/>
						<line number="737" hits="0"/>
						<line number="738" hits="0"/>
						<line number="739" hits="0"/>
						<line number="740" hits="0"/>
						<line number="741" hits="0"/>
						<line number="745" hits="0"/>
						<line number="746" hits="0"/>
						<line number="747" hits="0"/>
						<line number="748" hits="0"/>
						<line number="749" hits="0"/>
						<line number="750" hits="0"/>
						<line number="751" hits="0"/>
						<line number="752" hits="0"/>
						<line number="753" hits="0"/>
						<line number="754" hits="0"/>
						<line number="756" hits="0"/>
						<line number="757" hits="0"/>
						<line number="758" hits="0"/>
						<line number="759" hits="0"/>
						<line number="760" hits="0"/>
						<line number="761" hits="0"/>
						<line number="762" hits="0"/>
						<line number="765" hits="0"/>
						<line number="766" hits="0"/>
						<line number="768" hits="0"/>
						<line number="769" hits="0"/>
						<line number="773" hits="0"/>
						<line number="774" hits="0"/>
						<line number="779" hits="0"/>
						<line number="780" hits="0"/>
						<line number="781" hits="0"/>
						<line number="782" hits="0"/>
						<line number="783" hits="0"/>
						<line number="784" hits="0"/>
						<line number="785" hits="0"/>
						<line number="786" hits="0"/>
						<line number="788" hits="0"/>
						<line number="789" hits="0"/>
						<line number="790" hits="0"/>
						<line number="791" hits="0"/>
						<line number="792" hits="0"/>
						<line number="793" hits="0"/>
						<line number="794" hits="0"/>
						<line number="795" hits="0"/>
						<line number="798" hits="0"/>
						<line number="799" hits="0"/>
						<line number="800" hits="0"/>
						<line number="801" hits="0"/>
						<line number="803" hits="0"/>
						<line number="804" hits="0"/>
						<line number="805" hits="0"/>
						<line number="806" hits="0"/>
						<line number="809" hits="1"/>
						<line number="812" hits="1"/>
						<line number="813" hits="1"/>
						<line number="814" hits="1"/>
						<line number="816" hits="1"/>
						<line number="822" hits="1"/>
						<line number="823" hits="1"/>
						<line number="828" hits="1"/>
						<line number="833" hits="1"/>
						<line number="838" hits="1"/>
						<line number="844" hits="1"/>
						<line number="848" hits="1"/>
						<line number="852" hits="1"/>
						<line number="856" hits="1"/>
						<line number="857" hits="1"/>
						<line number="859" hits="1"/>
						<line number="860" hits="1"/>
						<line number="861" hits="1"/>
						<line number="863" hits="1"/>
						<line number="864" hits="0"/>
						<line number="867" hits="1"/>
						<line number="870" hits="1"/>
						<line number="875" hits="1"/>
						<line number="879" hits="1"/>
						<line number="880" hits="1"/>
						<line number="881" hits="1"/>
						<line number="890" hits="1"/>
						<line number="891" hits="1"/>
						<line number="892" hits="1"/>
						<line number="893" hits="1"/>
						<line number="895" hits="1"/>
						<line number="896" hits="0"/>
						<line number="897" hits="0"/>
						<line number="899" hits="1"/>
						<line number="900" hits="1"/>
						<line number="901" hits="0"/>
						<line number="902" hits="0"/>
						<line number="903" hits="0"/>
						<line number="906" hits="1"/>
						<line number="909" hits="1"/>
						<line number="915" hits="1"/>
						<line number="916" hits="1"/>
						<line number="921" hits="1"/>
						<line number="922" hits="1"/>
						<line number="923" hits="1"/>
						<line number="928" hits="1"/>
						<line number="929" hits="1"/>
						<line number="934" hits="1"/>
						<line number="940" hits="1"/>
						<line number="945" hits="1"/>
						<line number="946" hits="1"/>
						<line number="947" hits="1"/>
						<line number="948" hits="1"/>
						<line number="949" hits="1"/>
						<line number="956" hits="1"/>
						<line number="964" hits="1"/>
						<line number="965" hits="1"/>
						<line number="966" hits="1"/>
						<line number="967" hits="1"/>
						<line number="969" hits="1"/>
						<line number="970" hits="0"/>
						<line number="972" hits="1"/>
						<line number="973" hits="0"/>
						<line number="974" hits="0"/>
						<line number="975" hits="0"/>
						<line number="977" hits="1"/>
						<line number="978" hits="0"/>
						<line number="983" hits="0"/>
						<line number="984" hits="0"/>
						<line number="987" hits="1"/>
						<line number="990" hits="1"/>
						<line number="996" hits="1"/>
						<line number="997" hits="1"/>
						<line number="1002" hits="1"/>
						<line number="1003" hits="1"/>
						<line number="1004" hits="1"/>
						<line number="1005" hits="1"/>
						<line number="1006" hits="1"/>
						<line number="1007" hits="1"/>
						<line number="1014" hits="1"/>
						<line number="1021" hits="1"/>
						<line number="1026" hits="1"/>
						<line number="1033" hits="1"/>
						<line number="1034" hits="1"/>
						<line number="1035" hits="1"/>
						<line number="1036" hits="1"/>
						<line number="1037" hits="1"/>
						<line number="1038" hits="1"/>
						<line number="1039" hits="1"/>
						<line number="1040" hits="1"/>
						<line number="1041" hits="1"/>
						<line number="1042" hits="1"/>
						<line number="1043" hits="1"/>
						<line number="1050" hits="1"/>
						<line number="1058" hits="1"/>
						<line number="1059" hits="1"/>
						<line number="1060" hits="1"/>
						<line number="1061" hits="1"/>
						<line number="1063" hits="1"/>
						<line number="1064" hits="0"/>
						<line number="1066" hits="1"/>
						<line number="1067" hits="0"/>
						<line number="1069" hits="1"/>
						<line number="1070" hits="0"/>
						<line number="1072" hits="1"/>
						<line number="1074" hits="0"/>
						<line number="1077" hits="1"/>
						<line number="1080" hits="1"/>
						<line number="1087" hits="1"/>
						<line number="1088" hits="1"/>
						<line number="1089" hits="1"/>
						<line number="1090" hits="1"/>
						<line number="1091" hits="1"/>
						<line number="1092" hits="1"/>
						<line number="1093" hits="1"/>
						<line number="1094" hits="1"/>
						<line number="1095" hits="1"/>
						<line number="1096" hits="1"/>
						<line number="1097" hits="1"/>
						<line number="1098" hits="1"/>
						<line number="1099" hits="1"/>
						<line number="1101" hits="1"/>
						<line number="1102" hits="1"/>
						<line number="1103" hits="1"/>
						<line number="1107" hits="1"/>
						<line number="1108" hits="0"/>
						<line number="1111" hits="1"/>
						<line number="1114" hits="1"/>
						<line number="1115" hits="1"/>
						<line number="1116" hits="1"/>
						<line number="1117" hits="1"/>
						<line number="1118" hits="1"/>
						<line number="1119" hits="1"/>
						<line number="1120" hits="1"/>
						<line number="1121" hits="1"/>
						<line number="1122" hits="1"/>
						<line number="1123" hits="1"/>
						<line number="1124" hits="1"/>
						<line number="1125" hits="1"/>
						<line number="1127" hits="1"/>
						<line number="1128" hits="1"/>
						<line number="1129" hits="1"/>
						<line number="1133" hits="1"/>
						<line number="1134" hits="0"/>
						<line number="1137" hits="1"/>
						<line number="1140" hits="1"/>
						<line number="1141" hits="1"/>
						<line number="1142" hits="1"/>
						<line number="1143" hits="1"/>
						<line number="1144" hits="1"/>
						<line number="1145" hits="1"/>
						<line number="1146" hits="1"/>
						<line number="1147" hits="1"/>
						<line number="1148" hits="1"/>
						<line number="1155" hits="1"/>
						<line number="1156" hits="1"/>
						<line number="1157" hits="1"/>
						<line number="1158" hits="1"/>
						<line number="1160" hits="1"/>
						<line number="1161" hits="1"/>
						<line number="1162" hits="1"/>
						<line number="1166" hits="1"/>
						<line number="1167" hits="0"/>
						<line number="1170" hits="1"/>
						<line number="1173" hits="1"/>
						<line number="1182" hits="1"/>
						<line number="1190" hits="1"/>
						<line number="1191" hits="1"/>
						<line number="1196" hits="1"/>
						<line number="1201" hits="1"/>
						<line number="1202" hits="1"/>
						<line number="1203" hits="1"/>
						<line number="1204" hits="1"/>
						<line number="1205" hits="1"/>
						<line number="1206" hits="1"/>
						<line number="1212" hits="1"/>
						<line number="1217" hits="1"/>
						<line number="1218" hits="1"/>
						<line number="1219" hits="1"/>
						<line number="1220" hits="1"/>
						<line number="1221" hits="1"/>
						<line number="1222" hits="1"/>
						<line number="1223" hits="1"/>
						<line number="1228" hits="1"/>
						<line number="1229" hits="1"/>
						<line number="1230" hits="1"/>
						<line number="1231" hits="1"/>
						<line number="1238" hits="1"/>
						<line number="1239" hits="1"/>
						<line number="1240" hits="1"/>
						<line number="1241" hits="1"/>
						<line number="1242" hits="1"/>
						<line number="1249" hits="1"/>
						<line number="1257" hits="1"/>
						<line number="1258" hits="1"/>
						<line number="1259" hits="1"/>
						<line number="1260" hits="1"/>
						<line number="1261" hits="1"/>
						<line number="1266" hits="1"/>
						<line number="1267" hits="0"/>
						<line number="1269" hits="1"/>
						<line number="1270" hits="0"/>
						<line number="1274" hits="0"/>
						<line number="1275" hits="0"/>
						<line number="1276" hits="0"/>
						<line number="1277" hits="0"/>
						<line number="1278" hits="0"/>
						<line number="1279" hits="0"/>
						<line number="1280" hits="0"/>
						<line number="1281" hits="0"/>
						<line number="1283" hits="1"/>
						<line number="1284" hits="0"/>
						<line number="1285" hits="0"/>
						<line number="1286" hits="0"/>
						<line number="1287" hits="0"/>
						<line number="1288" hits="0"/>
						<line number="1289" hits="0"/>
						<line number="1291" hits="1"/>
						<line number="1292" hits="0"/>
						<line number="1293" hits="0"/>
						<line number="1294" hits="0"/>
						<line number="1299" hits="0"/>
						<line number="1302" hits="1"/>
						<line number="1305" hits="1"/>
						<line number="1306" hits="1"/>
						<line number="1311" hits="1"/>
						<line number="1312" hits="1"/>
						<line number="1313" hits="1"/>
						<line number="1314" hits="1"/>
						<line number="1315" hits="1"/>
						<line number="1316" hits="1"/>
						<line number="1317" hits="1"/>
						<line number="1318" hits="1"/>
						<line number="1323" hits="1"/>
						<line number="1330" hits="1"/>
						<line number="1331" hits="1"/>
						<line number="1337" hits="1"/>
						<line number="1343" hits="1"/>
						<line number="1349" hits="1"/>
						<line number="1356" hits="1"/>
						<line number="1357" hits="1"/>
						<line number="1358" hits="1"/>
						<line number="1359" hits="1"/>
						<line number="1360" hits="1"/>
						<line number="1362" hits="1"/>
						<line number="1363" hits="1"/>
						<line number="1364" hits="1"/>
						<line number="1365" hits="1"/>
						<line number="1367" hits="1"/>
						<line number="1368" hits="0"/>
						<line number="1370" hits="1"/>
						<line number="1371" hits="0"/>
						<line number="1372" hits="0"/>
						<line number="1373" hits="0"/>
						<line number="1374" hits="0"/>
						<line number="1375" hits="0"/>
						<line number="1377" hits="1"/>
						<line number="1378" hits="0"/>
						<line number="1379" hits="0"/>
						<line number="1382" hits="1"/>
						<line number="1385" hits="1"/>
						<line number="1393" hits="1"/>
						<line number="1394" hits="1"/>
						<line number="1399" hits="1"/>
						<line number="1406" hits="1"/>
						<line number="1407" hits="1"/>
						<line number="1408" hits="1"/>
						<line number="1409" hits="1"/>
						<line number="1410" hits="1"/>
						<line number="1411" hits="1"/>
						<line number="1412" hits="1"/>
						<line number="1413" hits="1"/>
						<line number="1414" hits="1"/>
						<line number="1415" hits="1"/>
						<line number="1416" hits="1"/>
						<line number="1417" hits="1"/>
						<line number="1425" hits="1"/>
						<line number="1426" hits="1"/>
						<line number="1427" hits="1"/>
						<line number="1428" hits="1"/>
						<line number="1432" hits="1"/>
						<line number="1433" hits="0"/>
						<line number="1436" hits="1"/>
						<line number="1439" hits="1"/>
						<line number="1445" hits="1"/>
						<line number="1446" hits="1"/>
						<line number="1451" hits="1"/>
						<line number="1452" hits="1"/>
						<line number="1453" hits="1"/>
						<line number="1454" hits="1"/>
						<line number="1455" hits="1"/>
						<line number="1456" hits="1"/>
						<line number="1457" hits="1"/>
						<line number="1458" hits="1"/>
						<line number="1459" hits="1"/>
						<line number="1460" hits="1"/>
						<line number="1461" hits="1"/>
						<line number="1462" hits="1"/>
						<line number="1463" hits="1"/>
						<line number="1464" hits="1"/>
						<line number="1466" hits="1"/>
						<line number="1467" hits="1"/>
						<line number="1468" hits="1"/>
						<line number="1469" hits="1"/>
						<line number="1471" hits="1"/>
						<line number="1472" hits="0"/>
						<line number="1475" hits="1"/>
						<line number="1478" hits="1"/>
						<line number="1479" hits="1"/>
						<line number="1484" hits="1"/>
						<line number="1485" hits="1"/>
						<line number="1486" hits="1"/>
						<line number="1487" hits="1"/>
						<line number="1488" hits="1"/>
						<line number="1489" hits="1"/>
						<line number="1490" hits="1"/>
						<line number="1491" hits="1"/>
						<line number="1493" hits="1"/>
						<line number="1494" hits="1"/>
						<line number="1495" hits="1"/>
						<line number="1497" hits="1"/>
						<line number="1498" hits="0"/>
						<line number="1501" hits="1"/>
						<line number="1504" hits="1"/>
						<line number="1510" hits="1"/>
						<line number="1511" hits="1"/>
						<line number="1516" hits="1"/>
						<line number="1517" hits="1"/>
						<line number="1518" hits="1"/>
						<line number="1519" hits="1"/>
						<line number="1520" hits="1"/>
						<line number="1521" hits="1"/>
						<line number="1522" hits="1"/>
						<line number="1523" hits="1"/>
						<line number="1525" hits="1"/>
						<line number="1526" hits="1"/>
						<line number="1527" hits="1"/>
						<line number="1529" hits="1"/>
						<line number="1530" hits="0"/>
						<line number="1533" hits="1"/>
						<line number="1536" hits="1"/>
						<line number="1542" hits="1"/>
						<line number="1543" hits="1"/>
						<line number="1548" hits="1"/>
						<line number="1549" hits="1"/>
						<line number="1550" hits="1"/>
						<line number="1551" hits="1"/>
						<line number="1552" hits="1"/>
						<line number="1554" hits="1"/>
						<line number="1555" hits="1"/>
						<line number="1556" hits="1"/>
						<line number="1558" hits="1"/>
						<line number="1559" hits="0"/>
						<line number="1562" hits="1"/>
						<line number="1565" hits="1"/>
						<line number="1566" hits="1"/>
						<line number="1571" hits="1"/>
						<line number="1572" hits="1"/>
						<line number="1573" hits="1"/>
						<line number="1574" hits="1"/>
						<line number="1575" hits="1"/>
						<line number="1582" hits="1"/>
						<line number="1584" hits="1"/>
						<line number="1585" hits="1"/>
						<line number="1586" hits="1"/>
						<line number="1588" hits="1"/>
						<line number="1589" hits="0"/>
						<line number="1592" hits="1"/>
						<line number="1595" hits="1"/>
						<line number="1602" hits="1"/>
						<line number="1603" hits="1"/>
						<line number="1608" hits="1"/>
						<line number="1609" hits="1"/>
						<line number="1614" hits="1"/>
						<line number="1615" hits="1"/>
						<line number="1616" hits="1"/>
						<line number="1617" hits="1"/>
						<line number="1618" hits="1"/>
						<line number="1619" hits="1"/>
						<line number="1621" hits="1"/>
						<line number="1622" hits="1"/>
						<line number="1623" hits="1"/>
						<line number="1624" hits="1"/>
						<line number="1626" hits="1"/>
						<line number="1627" hits="0"/>
						<line number="1630" hits="1"/>
						<line number="1633" hits="1"/>
						<line number="1634" hits="1"/>
						<line number="1635" hits="1"/>
						<line number="1636" hits="1"/>
						<line number="1637" hits="1"/>
						<line number="1638" hits="1"/>
						<line number="1644" hits="1"/>
						<line number="1650" hits="1"/>
						<line number="1656" hits="1"/>
						<line number="1662" hits="1"/>
						<line number="1664" hits="1"/>
						<line number="1665" hits="1"/>
						<line number="1666" hits="1"/>
						<line number="1668" hits="1"/>
						<line number="1669" hits="0"/>
						<line number="1670" hits="0"/>
						<line number="1671" hits="0"/>
						<line number="1673" hits="1"/>
						<line number="1674" hits="0"/>
						<line number="1675" hits="0"/>
						<line number="1678" hits="1"/>
						<line number="1681" hits="1"/>
						<line number="1682" hits="1"/>
						<line number="1687" hits="1"/>
						<line number="1688" hits="1"/>
						<line number="1693" hits="1"/>
						<line number="1698" hits="1"/>
						<line number="1699" hits="1"/>
						<line number="1701" hits="1"/>
						<line number="1702" hits="1"/>
						<line number="1703" hits="1"/>
						<line number="1704" hits="1"/>
						<line number="1706" hits="1"/>
						<line number="1707" hits="0"/>
						<line number="1710" hits="1"/>
						<line number="1713" hits="1"/>
						<line number="1718" hits="1"/>
						<line number="1723" hits="1"/>
						<line number="1724" hits="1"/>
						<line number="1729" hits="1"/>
						<line number="1730" hits="1"/>
						<line number="1731" hits="1"/>
						<line number="1732" hits="1"/>
						<line number="1733" hits="1"/>
						<line number="1734" hits="1"/>
						<line number="1735" hits="1"/>
						<line number="1736" hits="1"/>
						<line number="1737" hits="1"/>
						<line number="1738" hits="1"/>
						<line number="1739" hits="1"/>
						<line number="1740" hits="1"/>
						<line number="1741" hits="1"/>
						<line number="1742" hits="1"/>
						<line number="1744" hits="1"/>
						<line number="1745" hits="1"/>
						<line number="1746" hits="1"/>
						<line number="1748" hits="1"/>
						<line number="1749" hits="0"/>
						<line number="1751" hits="1"/>
						<line number="1752" hits="1"/>
						<line number="1753" hits="0"/>
						<line number="1756" hits="1"/>
						<line number="1759" hits="1"/>
						<line number="1765" hits="1"/>
						<line number="1766" hits="1"/>
						<line number="1767" hits="1"/>
						<line number="1768" hits="1"/>
						<line number="1769" hits="1"/>
						<line number="1770" hits="1"/>
						<line number="1771" hits="1"/>
						<line number="1773" hits="1"/>
						<line number="1774" hits="1"/>
						<line number="1775" hits="1"/>
						<line number="1777" hits="1"/>
						<line number="1778" hits="0"/>
						<line number="1781" hits="1"/>
						<line number="1784" hits="1"/>
						<line number="1785" hits="1"/>
						<line number="1786" hits="1"/>
						<line number="1787" hits="1"/>
						<line number="1788" hits="1"/>
						<line number="1789" hits="1"/>
						<line number="1791" hits="1"/>
						<line number="1792" hits="1"/>
						<line number="1793" hits="1"/>
						<line number="1795" hits="1"/>
						<line number="1796" hits="0"/>
						<line number="1799" hits="1"/>
						<line number="1802" hits="1"/>
						<line number="1807" hits="1"/>
						<line number="1808" hits="1"/>
						<line number="1813" hits="1"/>
						<line number="1814" hits="1"/>
						<line number="1815" hits="1"/>
						<line number="1816" hits="1"/>
						<line number="1817" hits="1"/>
						<line number="1818" hits="1"/>
						<line number="1820" hits="1"/>
						<line number="1821" hits="1"/>
						<line number="1822" hits="1"/>
						<line number="1823" hits="1"/>
						<line number="1825" hits="1"/>
						<line number="1826" hits="0"/>
						<line number="1829" hits="1"/>
						<line number="1832" hits="1"/>
						<line number="1833" hits="1"/>
						<line number="1834" hits="1"/>
						<line number="1835" hits="1"/>
						<line number="1836" hits="1"/>
						<line number="1837" hits="1"/>
						<line number="1839" hits="1"/>
						<line number="1840" hits="1"/>
						<line number="1841" hits="1"/>
						<line number="1842" hits="1"/>
						<line number="1844" hits="1"/>
						<line number="1845" hits="0"/>
						<line number="1848" hits="1"/>
						<line number="1851" hits="1"/>
						<line number="1858" hits="1"/>
						<line number="1859" hits="1"/>
						<line number="1864" hits="1"/>
						<line number="1865" hits="1"/>
						<line number="1866" hits="1"/>
						<line number="1867" hits="1"/>
						<line number="1868" hits="1"/>
						<line number="1869" hits="1"/>
						<line number="1875" hits="1"/>
						<line number="1876" hits="1"/>
						<line number="1878" hits="1"/>
						<line number="1879" hits="1"/>
						<line number="1880" hits="1"/>
						<line number="1882" hits="1"/>
						<line number="1883" hits="0"/>
						<line number="1884" hits="1"/>
						<line number="1887" hits="1"/>
						<line number="1893" hits="1"/>
						<line number="1894" hits="1"/>
						<line number="1899" hits="1"/>
						<line number="1904" hits="1"/>
						<line number="1905" hits="1"/>
						<line number="1906" hits="1"/>
						<line number="1907" hits="1"/>
						<line number="1908" hits="1"/>
						<line number="1909" hits="1"/>
						<line number="1911" hits="1"/>
						<line number="1912" hits="1"/>
						<line number="1913" hits="1"/>
						<line number="1914" hits="1"/>
						<line number="1916" hits="1"/>
						<line number="1917" hits="0"/>
						<line number="1920" hits="1"/>
						<line number="1923" hits="1"/>
						<line number="1931" hits="1"/>
						<line number="1932" hits="1"/>
						<line number="1937" hits="1"/>
						<line number="1938" hits="1"/>
						<line number="1939" hits="1"/>
						<line number="1940" hits="1"/>
						<line number="1941" hits="1"/>
						<line number="1942" hits="1"/>
						<line number="1943" hits="1"/>
						<line number="1944" hits="1"/>
						<line number="1945" hits="1"/>
						<line number="1952" hits="1"/>
						<line number="1960" hits="1"/>
						<line number="1961" hits="1"/>
						<line number="1962" hits="1"/>
						<line number="1963" hits="1"/>
						<line number="1965" hits="1"/>
						<line number="1966" hits="0"/>
						<line number="1968" hits="1"/>
						<line number="1969" hits="0"/>
						<line number="1970" hits="0"/>
						<line number="1971" hits="0"/>
						<line number="1974" hits="1"/>
						<line number="1977" hits="1"/>
						<line number="1985" hits="1"/>
						<line number="1986" hits="1"/>
						<line number="1991" hits="1"/>
						<line number="1996" hits="1"/>
						<line number="1997" hits="1"/>
						<line number="1998" hits="1"/>
						<line number="1999" hits="1"/>
						<line number="2004" hits="1"/>
						<line number="2005" hits="1"/>
						<line number="2006" hits="1"/>
						<line number="2007" hits="1"/>
						<line number="2008" hits="1"/>
						<line number="2009" hits="1"/>
						<line number="2016" hits="1"/>
						<line number="2023" hits="1"/>
						<line number="2024" hits="1"/>
						<line number="2025" hits="1"/>
						<line number="2026" hits="1"/>
						<line number="2033" hits="1"/>
						<line number="2041" hits="1"/>
						<line number="2042" hits="1"/>
						<line number="2043" hits="1"/>
						<line number="2044" hits="1"/>
						<line number="2046" hits="1"/>
						<line number="2047" hits="0"/>
						<line number="2050" hits="1"/>
						<line number="2053" hits="1"/>
						<line number="2054" hits="1"/>
						<line number="2059" hits="1"/>
						<line number="2064" hits="1"/>
						<line number="2065" hits="1"/>
						<line number="2066" hits="1"/>
						<line number="2067" hits="1"/>
						<line number="2068" hits="1"/>
						<line number="2070" hits="1"/>
						<line number="2071" hits="1"/>
						<line number="2072" hits="1"/>
						<line number="2074" hits="1"/>
						<line number="2075" hits="0"/>
						<line number="2078" hits="1"/>
						<line number="2081" hits="1"/>
						<line number="2087" hits="1"/>
						<line number="2088" hits="1"/>
						<line number="2093" hits="1"/>
						<line number="2099" hits="1"/>
						<line number="2100" hits="1"/>
						<line number="2101" hits="1"/>
						<line number="2103" hits="1"/>
						<line number="2104" hits="1"/>
						<line number="2105" hits="1"/>
						<line number="2109" hits="1"/>
						<line number="2112" hits="1"/>
						<line number="2120" hits="1"/>
						<line number="2121" hits="1"/>
						<line number="2126" hits="1"/>
						<line number="2131" hits="1"/>
						<line number="2132" hits="1"/>
						<line number="2133" hits="1"/>
						<line number="2134" hits="1"/>
						<line number="2135" hits="1"/>
						<line number="2142" hits="1"/>
						<line number="2147" hits="1"/>
						<line number="2148" hits="1"/>
						<line number="2149" hits="1"/>
						<line number="2150" hits="1"/>
						<line number="2151" hits="1"/>
						<line number="2152" hits="1"/>
						<line number="2153" hits="1"/>
						<line number="2154" hits="1"/>
						<line number="2155" hits="1"/>
						<line number="2162" hits="1"/>
						<line number="2163" hits="1"/>
						<line number="2164" hits="1"/>
						<line number="2165" hits="1"/>
						<line number="2166" hits="1"/>
						<line number="2167" hits="1"/>
						<line number="2168" hits="1"/>
						<line number="2169" hits="1"/>
						<line number="2170" hits="1"/>
						<line number="2177" hits="1"/>
						<line number="2185" hits="1"/>
						<line number="2186" hits="1"/>
						<line number="2187" hits="1"/>
						<line number="2188" hits="1"/>
						<line number="2189" hits="1"/>
						<line number="2193" hits="1"/>
						<line number="2194" hits="0"/>
						<line number="2196" hits="1"/>
						<line number="2197" hits="0"/>
						<line number="2201" hits="0"/>
						<line number="2202" hits="0"/>
						<line number="2203" hits="0"/>
						<line number="2204" hits="0"/>
						<line number="2205" hits="0"/>
						<line number="2206" hits="0"/>
						<line number="2207" hits="0"/>
						<line number="2208" hits="0"/>
						<line number="2210" hits="1"/>
						<line number="2211" hits="0"/>
						<line number="2212" hits="0"/>
						<line number="2213" hits="0"/>
						<line number="2214" hits="0"/>
						<line number="2215" hits="0"/>
						<line number="2216" hits="0"/>
						<line number="2218" hits="1"/>
						<line number="2219" hits="0"/>
						<line number="2220" hits="0"/>
						<line number="2221" hits="0"/>
						<line number="2226" hits="0"/>
						<line number="2229" hits="1"/>
						<line number="2232" hits="1"/>
						<line number="2233" hits="1"/>
						<line number="2238" hits="1"/>
						<line number="2239" hits="1"/>
						<line number="2240" hits="1"/>
						<line number="2241" hits="1"/>
						<line number="2242" hits="1"/>
						<line number="2243" hits="1"/>
						<line number="2244" hits="1"/>
						<line number="2245" hits="1"/>
						<line number="2250" hits="1"/>
						<line number="2257" hits="1"/>
						<line number="2258" hits="1"/>
						<line number="2264" hits="1"/>
						<line number="2270" hits="1"/>
						<line number="2276" hits="1"/>
						<line number="2283" hits="1"/>
						<line number="2284" hits="1"/>
						<line number="2285" hits="1"/>
						<line number="2287" hits="1"/>
						<line number="2288" hits="1"/>
						<line number="2289" hits="1"/>
						<line number="2290" hits="1"/>
						<line number="2292" hits="1"/>
						<line number="2293" hits="0"/>
						<line number="2295" hits="1"/>
						<line number="2296" hits="0"/>
						<line number="2297" hits="0"/>
						<line number="2298" hits="0"/>
						<line number="2299" hits="0"/>
						<line number="2300" hits="0"/>
						<line number="2302" hits="1"/>
						<line number="2303" hits="0"/>
						<line number="2304" hits="0"/>
						<line number="2307" hits="1"/>
						<line number="2310" hits="1"/>
						<line number="2311" hits="1"/>
						<line number="2316" hits="1"/>
						<line number="2321" hits="1"/>
						<line number="2322" hits="1"/>
						<line number="2323" hits="1"/>
						<line number="2324" hits="1"/>
						<line number="2325" hits="1"/>
						<line number="2330" hits="1"/>
						<line number="2331" hits="1"/>
						<line number="2332" hits="1"/>
						<line number="2333" hits="1"/>
						<line number="2334" hits="1"/>
						<line number="2335" hits="1"/>
						<line number="2342" hits="1"/>
						<line number="2350" hits="1"/>
						<line number="2351" hits="1"/>
						<line number="2352" hits="1"/>
						<line number="2353" hits="1"/>
						<line number="2355" hits="1"/>
						<line number="2356" hits="0"/>
						<line number="2359" hits="1"/>
						<line number="2362" hits="1"/>
						<line number="2363" hits="1"/>
						<line number="2368" hits="1"/>
						<line number="2373" hits="1"/>
						<line number="2374" hits="1"/>
						<line number="2375" hits="1"/>
						<line number="2376" hits="1"/>
						<line number="2377" hits="1"/>
						<line number="2379" hits="1"/>
						<line number="2380" hits="1"/>
						<line number="2381" hits="1"/>
						<line number="2383" hits="1"/>
						<line number="2384" hits="0"/>
						<line number="2386" hits="1"/>
						<line number="2389" hits="1"/>
						<line number="2396" hits="1"/>
						<line number="2397" hits="1"/>
						<line number="2402" hits="1"/>
						<line number="2403" hits="1"/>
						<line number="2404" hits="1"/>
						<line number="2405" hits="1"/>
						<line number="2406" hits="1"/>
						<line number="2407" hits="1"/>
						<line number="2414" hits="1"/>
						<line number="2421" hits="1"/>
						<line number="2426" hits="1"/>
						<line number="2433" hits="1"/>
						<line number="2434" hits="1"/>
						<line number="2435" hits="1"/>
						<line number="2436" hits="1"/>
						<line number="2437" hits="1"/>
						<line number="2438" hits="1"/>
						<line number="2439" hits="1"/>
						<line number="2440" hits="1"/>
						<line number="2441" hits="1"/>
						<line number="2442" hits="1"/>
						<line number="2443" hits="1"/>
						<line number="2444" hits="1"/>
						<line number="2445" hits="1"/>
						<line number="2452" hits="1"/>
						<line number="2460" hits="1"/>
						<line number="2461" hits="1"/>
						<line number="2462" hits="1"/>
						<line number="2463" hits="1"/>
						<line number="2465" hits="1"/>
						<line number="2466" hits="0"/>
						<line number="2468" hits="1"/>
						<line number="2469" hits="0"/>
						<line number="2471" hits="1"/>
						<line number="2472" hits="0"/>
						<line number="2475" hits="1"/>
						<line number="2478" hits="1"/>
						<line number="2479" hits="1"/>
						<line number="2480" hits="1"/>
						<line number="2481" hits="1"/>
						<line number="2482" hits="1"/>
						<line number="2483" hits="1"/>
						<line number="2484" hits="1"/>
						<line number="2485" hits="1"/>
						<line number="2486" hits="1"/>
						<line number="2487" hits="1"/>
						<line number="2488" hits="1"/>
						<line number="2489" hits="1"/>
						<line number="2490" hits="1"/>
						<line number="2492" hits="1"/>
						<line number="2493" hits="1"/>
						<line number="2494" hits="1"/>
						<line number="2498" hits="1"/>
						<line number="2499" hits="0"/>
						<line number="2502" hits="1"/>
						<line number="2505" hits="1"/>
						<line number="2506" hits="1"/>
						<line number="2507" hits="1"/>
						<line number="2508" hits="1"/>
						<line number="2509" hits="1"/>
						<line number="2510" hits="1"/>
						<line number="2511" hits="1"/>
						<line number="2512" hits="1"/>
						<line number="2513" hits="1"/>
						<line number="2514" hits="1"/>
						<line number="2515" hits="1"/>
						<line number="2516" hits="1"/>
						<line number="2518" hits="1"/>
						<line number="2519" hits="1"/>
						<line number="2520" hits="1"/>
						<line number="2524" hits="1"/>
						<line number="2525" hits="0"/>
						<line number="2528" hits="1"/>
						<line number="2531" hits="1"/>
						<line number="2532" hits="1"/>
						<line number="2533" hits="1"/>
						<line number="2534" hits="1"/>
						<line number="2535" hits="1"/>
						<line number="2536" hits="1"/>
						<line number="2537" hits="1"/>
						<line number="2538" hits="1"/>
						<line number="2539" hits="1"/>
						<line number="2546" hits="1"/>
						<line number="2547" hits="1"/>
						<line number="2548" hits="1"/>
						<line number="2549" hits="1"/>
						<line number="2551" hits="1"/>
						<line number="2552" hits="1"/>
						<line number="2553" hits="1"/>
						<line number="2557" hits="1"/>
						<line number="2558" hits="0"/>
						<line number="2561" hits="1"/>
						<line number="2564" hits="1"/>
						<line number="2571" hits="1"/>
						<line number="2572" hits="1"/>
						<line number="2577" hits="1"/>
						<line number="2578" hits="1"/>
						<line number="2579" hits="1"/>
						<line number="2580" hits="1"/>
						<line number="2585" hits="1"/>
						<line number="2586" hits="1"/>
						<line number="2587" hits="1"/>
						<line number="2588" hits="1"/>
						<line number="2589" hits="1"/>
						<line number="2596" hits="1"/>
						<line number="2604" hits="1"/>
						<line number="2605" hits="1"/>
						<line number="2606" hits="1"/>
						<line number="2607" hits="1"/>
						<line number="2609" hits="1"/>
						<line number="2610" hits="0"/>
						<line number="2613" hits="1"/>
						<line number="2616" hits="1"/>
						<line number="2617" hits="1"/>
						<line number="2618" hits="1"/>
						<line number="2619" hits="1"/>
						<line number="2620" hits="1"/>
						<line number="2621" hits="1"/>
						<line number="2622" hits="1"/>
						<line number="2623" hits="1"/>
						<line number="2624" hits="1"/>
						<line number="2626" hits="1"/>
						<line number="2627" hits="1"/>
						<line number="2628" hits="1"/>
						<line number="2629" hits="1"/>
						<line number="2631" hits="1"/>
						<line number="2632" hits="0"/>
						<line number="2633" hits="1"/>
						<line number="2634" hits="1"/>
						<line number="2635" hits="0"/>
						<line number="2636" hits="0"/>
						<line number="2637" hits="0"/>
						<line number="2638" hits="0"/>
						<line number="2639" hits="0"/>
						<line number="2640" hits="0"/>
						<line number="2641" hits="0"/>
						<line number="2642" hits="0"/>
						<line number="2643" hits="0"/>
						<line number="2644" hits="0"/>
						<line number="2645" hits="0"/>
						<line number="2646" hits="0"/>
						<line number="2647" hits="0"/>
						<line number="2648" hits="0"/>
						<line number="2649" hits="0"/>
						<line number="2650" hits="0"/>
						<line number="2651" hits="0"/>
						<line number="2652" hits="0"/>
						<line number="2653" hits="0"/>
						<line number="2654" hits="0"/>
						<line number="2655" hits="0"/>
						<line number="2656" hits="0"/>
						<line number="2657" hits="0"/>
						<line number="2658" hits="0"/>
						<line number="2659" hits="0"/>
						<line number="2662" hits="0"/>
						<line number="2664" hits="0"/>
						<line number="2665" hits="0"/>
						<line number="2666" hits="0"/>
						<line number="2667" hits="0"/>
						<line number="2668" hits="0"/>
						<line number="2669" hits="0"/>
						<line number="2670" hits="0"/>
						<line number="2671" hits="0"/>
						<line number="2672" hits="0"/>
						<line number="2677" hits="0"/>
						<line number="2678" hits="0"/>
						<line number="2679" hits="0"/>
						<line number="2680" hits="0"/>
						<line number="2681" hits="0"/>
						<line number="2682" hits="0"/>
						<line number="2683" hits="0"/>
						<line number="2684" hits="0"/>
						<line number="2685" hits="0"/>
						<line number="2686" hits="0"/>
						<line number="2688" hits="0"/>
						<line number="2689" hits="0"/>
						<line number="2693" hits="1"/>
						<line number="2696" hits="1"/>
						<line number="2697" hits="1"/>
						<line number="2698" hits="1"/>
						<line number="2699" hits="1"/>
						<line number="2700" hits="1"/>
						<line number="2701" hits="1"/>
						<line number="2702" hits="1"/>
						<line number="2703" hits="1"/>
						<line number="2704" hits="1"/>
						<line number="2705" hits="1"/>
						<line number="2706" hits="1"/>
						<line number="2707" hits="1"/>
						<line number="2708" hits="1"/>
						<line number="2709" hits="1"/>
						<line number="2710" hits="1"/>
						<line number="2711" hits="1"/>
						<line number="2712" hits="1"/>
						<line number="2714" hits="1"/>
						<line number="2715" hits="1"/>
						<line number="2716" hits="1"/>
						<line number="2717" hits="1"/>
						<line number="2722" hits="1"/>
						<line number="2723" hits="0"/>
						<line number="2726" hits="1"/>
						<line number="2727" hits="1"/>
						<line number="2728" hits="1"/>
						<line number="2734" hits="1"/>
						<line number="2735" hits="1"/>
						<line number="2736" hits="1"/>
						<line number="2737" hits="1"/>
						<line number="2738" hits="1"/>
						<line number="2739" hits="1"/>
						<line number="2740" hits="1"/>
						<line number="2741" hits="1"/>
						<line number="2746" hits="1"/>
						<line number="2754" hits="1"/>
						<line number="2755" hits="1"/>
						<line number="2756" hits="1"/>
						<line number="2757" hits="1"/>
						<line number="2758" hits="1"/>
						<line number="2759" hits="1"/>
						<line number="2760" hits="1"/>
						<line number="2761" hits="1"/>
						<line number="2762" hits="1"/>
						<line number="2763" hits="1"/>
						<line number="2765" hits="1"/>
						<line number="2766" hits="1"/>
						<line number="2767" hits="1"/>
						<line number="2768" hits="1"/>
						<line number="2771" hits="1"/>
						<line number="2772" hits="0"/>
						<line number="2774" hits="1"/>
						<line number="2776" hits="0"/>
						<line number="2778" hits="0"/>
						<line number="2787" hits="0"/>
						<line number="2788" hits="0"/>
						<line number="2790" hits="0"/>
						<line number="2791" hits="0"/>
						<line number="2793" hits="0"/>
						<line number="2794" hits="0"/>
						<line number="2795" hits="0"/>
						<line number="2796" hits="0"/>
						<line number="2797" hits="0"/>
						<line number="2799" hits="0"/>
						<line number="2802" hits="0"/>
						<line number="2803" hits="0"/>
						<line number="2804" hits="0"/>
						<line number="2805" hits="0"/>
						<line number="2806" hits="0"/>
						<line number="2808" hits="0"/>
						<line number="2809" hits="0"/>
						<line number="2811" hits="0"/>
						<line number="2812" hits="0"/>
						<line number="2814" hits="0"/>
						<line number="2815" hits="0"/>
						<line number="2817" hits="0"/>
						<line number="2818" hits="0"/>
						<line number="2819" hits="0"/>
						<line number="2821" hits="0"/>
						<line number="2823" hits="0"/>
						<line number="2824" hits="0"/>
						<line number="2825" hits="0"/>
						<line number="2828" hits="1"/>
						<line number="2831" hits="1"/>
						<line number="2837" hits="1"/>
						<line number="2841" hits="1"/>
						<line number="2848" hits="1"/>
						<line number="2849" hits="1"/>
						<line number="2854" hits="1"/>
						<line number="2855" hits="1"/>
						<line number="2856" hits="1"/>
						<line number="2857" hits="1"/>
						<line number="2861" hits="1"/>
						<line number="2867" hits="1"/>
						<line number="2868" hits="1"/>
						<line number="2873" hits="1"/>
						<line number="2880" hits="1"/>
						<line number="2881" hits="1"/>
						<line number="2882" hits="1"/>
						<line number="2884" hits="1"/>
						<line number="2885" hits="1"/>
						<line number="2886" hits="1"/>
						<line number="2887" hits="1"/>
						<line number="2889" hits="1"/>
						<line number="2890" hits="0"/>
						<line number="2892" hits="1"/>
						<line number="2893" hits="1"/>
						<line number="2894" hits="0"/>
						<line number="2897" hits="0"/>
						<line number="2902" hits="0"/>
						<line number="2904" hits="1"/>
						<line number="2905" hits="1"/>
						<line number="2906" hits="0"/>
						<line number="2908" hits="0"/>
						<line number="2909" hits="0"/>
						<line number="2911" hits="0"/>
						<line number="2913" hits="0"/>
						<line number="2914" hits="0"/>
						<line number="2915" hits="0"/>
						<line number="2919" hits="0"/>
						<line number="2920" hits="0"/>
						<line number="2921" hits="0"/>
						<line number="2926" hits="0"/>
						<line number="2927" hits="0"/>
						<line number="2928" hits="0"/>
						<line number="2929" hits="0"/>
						<line number="2934" hits="0"/>
						<line number="2935" hits="0"/>
						<line number="2937" hits="0"/>
						<line number="2938" hits="0"/>
						<line number="2939" hits="0"/>
						<line number="2940" hits="0"/>
						<line number="2941" hits="0"/>
						<line number="2942" hits="0"/>
						<line number="2944" hits="0"/>
						<line number="2945" hits="0"/>
						<line number="2946" hits="0"/>
						<line number="2947" hits="0"/>
						<line number="2948" hits="0"/>
						<line number="2949" hits="0"/>
						<line number="2950" hits="0"/>
						<line number="2951" hits="0"/>
						<line number="2952" hits="0"/>
						<line number="2954" hits="1"/>
						<line number="2955" hits="1"/>
						<line number="2964" hits="1"/>
						<line number="2965" hits="1"/>
						<line number="2970" hits="1"/>
						<line number="2971" hits="1"/>
						<line number="2972" hits="1"/>
						<line number="2973" hits="1"/>
						<line number="2974" hits="1"/>
						<line number="2975" hits="1"/>
						<line number="2976" hits="1"/>
						<line number="2977" hits="1"/>
						<line number="2978" hits="1"/>
						<line number="2979" hits="1"/>
						<line number="2980" hits="1"/>
						<line number="2981" hits="1"/>
						<line number="2982" hits="1"/>
						<line number="2983" hits="1"/>
						<line number="2984" hits="1"/>
						<line number="2991" hits="1"/>
						<line number="2992" hits="1"/>
						<line number="2993" hits="1"/>
						<line number="2994" hits="1"/>
						<line number="2995" hits="1"/>
						<line number="2996" hits="1"/>
						<line number="2997" hits="1"/>
						<line number="2998" hits="1"/>
						<line number="2999" hits="1"/>
						<line number="3000" hits="1"/>
						<line number="3001" hits="1"/>
						<line number="3009" hits="1"/>
						<line number="3010" hits="1"/>
						<line number="3011" hits="1"/>
						<line number="3013" hits="1"/>
						<line number="3015" hits="1"/>
						<line number="3016" hits="1"/>
						<line number="3017" hits="1"/>
						<line number="3019" hits="1"/>
						<line number="3032" hits="1"/>
						<line number="3042" hits="1"/>
						<line number="3043" hits="0"/>
						<line number="3045" hits="1"/>
						<line number="3046" hits="1"/>
						<line number="3047" hits="0"/>
						<line number="3049" hits="1"/>
						<line number="3051" hits="0"/>
						<line number="3055" hits="0"/>
						<line number="3056" hits="0"/>
						<line number="3058" hits="1"/>
						<line number="3059" hits="0"/>
						<line number="3061" hits="0"/>
						<line number="3062" hits="0"/>
						<line number="3063" hits="0"/>
						<line number="3064" hits="0"/>
						<line number="3066" hits="0"/>
						<line number="3067" hits="0"/>
						<line number="3076" hits="0"/>
						<line number="3077" hits="0"/>
						<line number="3078" hits="0"/>
						<line number="3080" hits="0"/>
						<line number="3081" hits="0"/>
						<line number="3083" hits="0"/>
						<line number="3084" hits="0"/>
						<line number="3086" hits="0"/>
						<line number="3088" hits="0"/>
						<line number="3089" hits="0"/>
						<line number="3091" hits="0"/>
						<line number="3092" hits="0"/>
						<line number="3093" hits="0"/>
						<line number="3095" hits="1"/>
						<line number="3096" hits="1"/>
						<line number="3097" hits="1"/>
						<line number="3098" hits="1"/>
						<line number="3099" hits="1"/>
						<line number="3100" hits="1"/>
						<line number="3101" hits="1"/>
						<line number="3102" hits="1"/>
						<line number="3104" hits="1"/>
						<line number="3105" hits="1"/>
						<line number="3106" hits="1"/>
						<line number="3107" hits="1"/>
						<line number="3109" hits="1"/>
						<line number="3110" hits="1"/>
						<line number="3111" hits="1"/>
						<line number="3112" hits="1"/>
						<line number="3113" hits="1"/>
						<line number="3114" hits="1"/>
						<line number="3120" hits="1"/>
						<line number="3121" hits="1"/>
						<line number="3122" hits="1"/>
						<line number="3123" hits="1"/>
						<line number="3124" hits="1"/>
						<line number="3125" hits="1"/>
						<line number="3126" hits="1"/>
						<line number="3127" hits="1"/>
						<line number="3128" hits="1"/>
						<line number="3129" hits="1"/>
						<line number="3130" hits="1"/>
						<line number="3131" hits="1"/>
						<line number="3132" hits="1"/>
						<line number="3133" hits="1"/>
						<line number="3134" hits="1"/>
						<line number="3135" hits="1"/>
						<line number="3136" hits="1"/>
						<line number="3137" hits="1"/>
						<line number="3138" hits="1"/>
						<line number="3142" hits="1"/>
						<line number="3151" hits="1"/>
						<line number="3152" hits="0"/>
						<line number="3154" hits="1"/>
						<line number="3155" hits="0"/>
						<line number="3156" hits="0"/>
						<line number="3157" hits="0"/>
						<line number="3158" hits="0"/>
						<line number="3159" hits="0"/>
						<line number="3162" hits="0"/>
						<line number="3163" hits="0"/>
						<line number="3164" hits="0"/>
						<line number="3167" hits="0"/>
						<line number="3169" hits="1"/>
						<line number="3170" hits="0"/>
						<line number="3171" hits="0"/>
						<line number="3173" hits="0"/>
						<line number="3174" hits="0"/>
						<line number="3175" hits="0"/>
						<line number="3176" hits="0"/>
						<line number="3178" hits="0"/>
						<line number="3180" hits="0"/>
						<line number="3181" hits="0"/>
						<line number="3183" hits="0"/>
						<line number="3184" hits="0"/>
						<line number="3185" hits="0"/>
						<line number="3188" hits="1"/>
						<line number="3191" hits="1"/>
						<line number="3196" hits="1"/>
						<line number="3201" hits="1"/>
						<line number="3206" hits="1"/>
						<line number="3213" hits="1"/>
						<line number="3214" hits="1"/>
						<line number="3215" hits="1"/>
						<line number="3217" hits="1"/>
						<line number="3218" hits="1"/>
						<line number="3219" hits="1"/>
						<line number="3220" hits="1"/>
						<line number="3224" hits="1"/>
						<line number="3225" hits="0"/>
						<line number="3227" hits="1"/>
[...]
						<line number="29" hits="1"/>
						<line number="43" hits="1"/>
						<line number="46" hits="1"/>
						<line number="47" hits="1"/>
						<line number="48" hits="1"/>
						<line number="49" hits="1"/>
						<line number="52" hits="1"/>
						<line number="53" hits="1"/>
						<line number="54" hits="1"/>
						<line number="55" hits="1"/>
						<line number="58" hits="1"/>
						<line number="59" hits="1"/>
						<line number="60" hits="1"/>
						<line number="61" hits="1"/>
						<line number="64" hits="1"/>
						<line number="65" hits="1"/>
						<line number="67" hits="1"/>
						<line number="68" hits="1"/>
						<line number="69" hits="1"/>
						<line number="70" hits="1"/>
						<line number="71" hits="1"/>
						<line number="73" hits="1"/>
						<line number="75" hits="0"/>
						<line number="76" hits="0"/>
						<line number="77" hits="0"/>
						<line number="79" hits="1"/>
						<line number="80" hits="1"/>
						<line number="81" hits="1"/>
						<line number="82" hits="1"/>
						<line number="83" hits="1"/>
						<line number="85" hits="1"/>
						<line number="87" hits="0"/>
						<line number="88" hits="0"/>
						<line number="89" hits="0"/>
						<line number="91" hits="1"/>
						<line number="92" hits="1"/>
						<line number="93" hits="1"/>
						<line number="94" hits="1"/>
						<line number="96" hits="1"/>
						<line number="98" hits="0"/>
						<line number="99" hits="0"/>
						<line number="100" hits="0"/>
						<line number="102" hits="1"/>
						<line number="103" hits="1"/>
						<line number="104" hits="1"/>
						<line number="105" hits="1"/>
						<line number="108" hits="1"/>
						<line number="109" hits="1"/>
						<line number="110" hits="1"/>
						<line number="111" hits="1"/>
						<line number="113" hits="1"/>
						<line number="114" hits="1"/>
						<line number="115" hits="1"/>
						<line number="117" hits="1"/>
						<line number="118" hits="0"/>
						<line number="119" hits="0"/>
						<line number="122" hits="0"/>
						<line number="124" hits="1"/>
						<line number="125" hits="0"/>
						<line number="126" hits="0"/>
						<line number="127" hits="0"/>
						<line number="128" hits="0"/>
						<line number="129" hits="0"/>
						<line number="130" hits="0"/>
						<line number="138" hits="0"/>
						<line number="140" hits="1"/>
					</lines>
				</class>
				<class name="apps.py" filename="ERP/usermanagement/apps.py" complexity="0" line-rate="1" branch-rate="0">
					<methods/>
					<lines>
						<line number="1" hits="1"/>
						<line number="4" hits="1"/>
						<line number="5" hits="1"/>
						<line number="6" hits="1"/>
						<line number="8" hits="1"/>
						<line number="9" hits="1"/>
					</lines>
				</class>
				<class name="models.py" filename="ERP/usermanagement/models.py" complexity="0" line-rate="0.863" branch-rate="0">
					<methods/>
					<lines>
						<line number="2" hits="1"/>
						<line number="3" hits="1"/>
						<line number="4" hits="1"/>
						<line number="5" hits="1"/>
						<line number="7" hits="1"/>
						<line number="8" hits="1"/>
						<line number="9" hits="1"/>
						<line number="19" hits="1"/>
						<line number="20" hits="1"/>
						<line number="21" hits="1"/>
						<line number="22" hits="1"/>
						<line number="23" hits="1"/>
						<line number="24" hits="1"/>
						<line number="25" hits="1"/>
						<line number="26" hits="1"/>
						<line number="27" hits="1"/>
						<line number="28" hits="1"/>
						<line number="29" hits="1"/>
						<line number="30" hits="1"/>
						<line number="31" hits="1"/>
						<line number="32" hits="1"/>
						<line number="33" hits="1"/>
						<line number="34" hits="1"/>
						<line number="36" hits="1"/>
						<line number="37" hits="0"/>
						<line number="40" hits="1"/>
						<line number="41" hits="1"/>
						<line number="42" hits="1"/>
						<line number="43" hits="1"/>
						<line number="44" hits="1"/>
						<line number="45" hits="1"/>
						<line number="46" hits="1"/>
						<line number="47" hits="1"/>
						<line number="48" hits="1"/>
						<line number="49" hits="1"/>
						<line number="50" hits="1"/>
						<line number="51" hits="1"/>
						<line number="52" hits="1"/>
						<line number="53" hits="1"/>
						<line number="56" hits="1"/>
						<line number="57" hits="1"/>
						<line number="58" hits="1"/>
						<line number="59" hits="1"/>
						<line number="60" hits="1"/>
						<line number="61" hits="1"/>
						<line number="62" hits="1"/>
						<line number="63" hits="1"/>
						<line number="64" hits="1"/>
						<line number="65" hits="1"/>
						<line number="67" hits="1"/>
						<line number="68" hits="1"/>
						<line number="69" hits="1"/>
						<line number="70" hits="1"/>
						<line number="71" hits="1"/>
						<line number="74" hits="1"/>
						<line number="75" hits="1"/>
						<line number="76" hits="1"/>
						<line number="77" hits="1"/>
						<line number="78" hits="1"/>
						<line number="79" hits="1"/>
						<line number="80" hits="1"/>
						<line number="81" hits="1"/>
						<line number="82" hits="1"/>
						<line number="83" hits="1"/>
						<line number="84" hits="1"/>
						<line number="85" hits="1"/>
						<line number="86" hits="1"/>
						<line number="87" hits="1"/>
						<line number="88" hits="1"/>
						<line number="89" hits="1"/>
						<line number="90" hits="1"/>
						<line number="92" hits="1"/>
						<line number="93" hits="0"/>
						<line number="95" hits="1"/>
						<line number="96" hits="0"/>
						<line number="98" hits="1"/>
						<line number="100" hits="0"/>
						<line number="101" hits="0"/>
						<line number="102" hits="0"/>
						<line number="103" hits="0"/>
						<line number="104" hits="0"/>
						<line number="105" hits="0"/>
						<line number="108" hits="0"/>
						<line number="109" hits="0"/>
						<line number="110" hits="0"/>
						<line number="113" hits="0"/>
						<line number="115" hits="1"/>
						<line number="116" hits="0"/>
						<line number="117" hits="0"/>
						<line number="118" hits="0"/>
						<line number="119" hits="0"/>
						<line number="120" hits="0"/>
						<line number="130" hits="1"/>
						<line number="131" hits="1"/>
						<line number="132" hits="1"/>
						<line number="133" hits="1"/>
						<line number="134" hits="1"/>
						<line number="135" hits="1"/>
						<line number="136" hits="1"/>
						<line number="138" hits="1"/>
						<line number="139" hits="1"/>
						<line number="140" hits="1"/>
						<line number="142" hits="1"/>
						<line number="143" hits="0"/>
						<line number="145" hits="1"/>
						<line number="146" hits="1"/>
						<line number="147" hits="1"/>
						<line number="148" hits="1"/>
						<line number="149" hits="1"/>
						<line number="150" hits="1"/>
						<line number="151" hits="1"/>
						<line number="152" hits="1"/>
						<line number="153" hits="1"/>
						<line number="155" hits="1"/>
						<line number="156" hits="1"/>
						<line number="158" hits="1"/>
						<line number="159" hits="0"/>
						<line number="162" hits="1"/>
						<line number="163" hits="1"/>
						<line number="164" hits="1"/>
						<line number="165" hits="1"/>
						<line number="166" hits="1"/>
						<line number="167" hits="1"/>
						<line number="168" hits="1"/>
						<line number="169" hits="1"/>
						<line number="170" hits="1"/>
						<line number="172" hits="1"/>
						<line number="173" hits="1"/>
						<line number="174" hits="1"/>
						<line number="176" hits="1"/>
						<line number="177" hits="0"/>
						<line number="180" hits="1"/>
						<line number="181" hits="1"/>
						<line number="182" hits="1"/>
						<line number="183" hits="1"/>
						<line number="184" hits="1"/>
						<line number="186" hits="1"/>
						<line number="187" hits="1"/>
						<line number="188" hits="1"/>
						<line number="189" hits="1"/>
						<line number="191" hits="1"/>
						<line number="193" hits="1"/>
						<line number="194" hits="1"/>
						<line number="195" hits="1"/>
						<line number="196" hits="1"/>
						<line number="197" hits="1"/>
						<line number="198" hits="1"/>
						<line number="199" hits="1"/>
						<line number="200" hits="1"/>
						<line number="201" hits="1"/>
						<line number="204" hits="1"/>
						<line number="205" hits="0"/>
						<line number="206" hits="1"/>
						<line number="207" hits="0"/>
						<line number="209" hits="1"/>
						<line number="210" hits="1"/>
						<line number="214" hits="1"/>
						<line number="238" hits="1"/>
						<line number="239" hits="1"/>
						<line number="240" hits="1"/>
						<line number="241" hits="1"/>
						<line number="242" hits="1"/>
						<line number="243" hits="1"/>
						<line number="244" hits="1"/>
						<line number="245" hits="1"/>
						<line number="246" hits="1"/>
						<line number="247" hits="1"/>
						<line number="249" hits="1"/>
						<line number="250" hits="1"/>
						<line number="251" hits="1"/>
						<line number="253" hits="1"/>
						<line number="254" hits="0"/>
						<line number="256" hits="1"/>
						<line number="257" hits="0"/>
						<line number="258" hits="0"/>
						<line number="259" hits="0"/>
						<line number="261" hits="1"/>
						<line number="262" hits="1"/>
						<line number="263" hits="1"/>
						<line number="264" hits="1"/>
						<line number="265" hits="1"/>
						<line number="266" hits="1"/>
						<line number="267" hits="1"/>
						<line number="268" hits="1"/>
						<line number="269" hits="1"/>
						<line number="270" hits="1"/>
						<line number="271" hits="1"/>
						<line number="272" hits="1"/>
						<line number="274" hits="1"/>
						<line number="275" hits="1"/>
						<line number="276" hits="1"/>
						<line number="278" hits="1"/>
						<line number="279" hits="0"/>
						<line number="281" hits="1"/>
						<line number="282" hits="1"/>
						<line number="283" hits="1"/>
						<line number="284" hits="1"/>
						<line number="285" hits="1"/>
						<line number="286" hits="1"/>
						<line number="287" hits="1"/>
						<line number="288" hits="1"/>
						<line number="289" hits="1"/>
						<line number="291" hits="1"/>
						<line number="292" hits="1"/>
						<line number="293" hits="1"/>
						<line number="295" hits="1"/>
						<line number="296" hits="0"/>
						<line number="298" hits="1"/>
						<line number="299" hits="1"/>
						<line number="300" hits="1"/>
						<line number="301" hits="1"/>
						<line number="302" hits="1"/>
						<line number="303" hits="1"/>
						<line number="304" hits="1"/>
						<line number="306" hits="1"/>
						<line number="307" hits="1"/>
						<line number="308" hits="1"/>
						<line number="310" hits="1"/>
						<line number="311" hits="0"/>
					</lines>
				</class>
				<class name="signals.py" filename="ERP/usermanagement/signals.py" complexity="0" line-rate="0.5769" branch-rate="0">
					<methods/>
					<lines>
						<line number="1" hits="1"/>
						<line number="2" hits="1"/>
						<line number="4" hits="1"/>
						<line number="5" hits="1"/>
						<line number="8" hits="1"/>
						<line number="9" hits="0"/>
						<line number="10" hits="0"/>
						<line number="11" hits="0"/>
						<line number="14" hits="1"/>
						<line number="15" hits="1"/>
						<line number="16" hits="0"/>
						<line number="19" hits="1"/>
						<line number="20" hits="1"/>
						<line number="21" hits="0"/>
						<line number="24" hits="1"/>
						<line number="25" hits="1"/>
						<line number="26" hits="0"/>
						<line number="29" hits="1"/>
						<line number="30" hits="1"/>
						<line number="31" hits="0"/>
						<line number="34" hits="1"/>
						<line number="35" hits="1"/>
						<line number="36" hits="0"/>
						<line number="37" hits="0"/>
						<line number="38" hits="0"/>
						<line number="39" hits="0"/>
					</lines>
				</class>
				<class name="utils.py" filename="ERP/usermanagement/utils.py" complexity="0" line-rate="0.2381" branch-rate="0">
					<methods/>
					<lines>
						<line number="1" hits="1"/>
						<line number="2" hits="1"/>
						<line number="3" hits="1"/>
						<line number="4" hits="1"/>
						<line number="5" hits="1"/>
						<line number="7" hits="1"/>
						<line number="10" hits="1"/>
						<line number="12" hits="0"/>
						<line number="13" hits="0"/>
						<line number="14" hits="0"/>
						<line number="15" hits="0"/>
						<line number="16" hits="0"/>
						<line number="17" hits="0"/>
						<line number="18" hits="0"/>
						<line number="20" hits="1"/>
						<line number="21" hits="1"/>
						<line number="23" hits="1"/>
						<line number="24" hits="1"/>
						<line number="25" hits="0"/>
						<line number="27" hits="1"/>
						<line number="28" hits="1"/>
						<line number="30" hits="0"/>
						<line number="31" hits="0"/>
						<line number="33" hits="0"/>
						<line number="34" hits="0"/>
						<line number="36" hits="0"/>
						<line number="37" hits="0"/>
						<line number="39" hits="0"/>
						<line number="40" hits="0"/>
						<line number="41" hits="0"/>
						<line number="42" hits="0"/>
						<line number="44" hits="0"/>
						<line number="55" hits="0"/>
						<line number="60" hits="0"/>
						<line number="61" hits="0"/>
						<line number="62" hits="0"/>
						<line number="63" hits="0"/>
						<line number="65" hits="0"/>
						<line number="67" hits="0"/>
						<line number="68" hits="0"/>
						<line number="70" hits="1"/>
						<line number="71" hits="1"/>
						<line number="72" hits="0"/>
						<line number="73" hits="0"/>
						<line number="74" hits="0"/>
						<line number="75" hits="0"/>
						<line number="77" hits="0"/>
						<line number="78" hits="0"/>
						<line number="80" hits="0"/>
						<line number="81" hits="0"/>
						<line number="82" hits="0"/>
						<line number="84" hits="0"/>
						<line number="85" hits="0"/>
						<line number="87" hits="1"/>
						<line number="88" hits="1"/>
						<line number="89" hits="0"/>
						<line number="91" hits="1"/>
						<line number="92" hits="0"/>
						<line number="93" hits="0"/>
						<line number="94" hits="0"/>
						<line number="95" hits="0"/>
						<line number="96" hits="0"/>
						<line number="97" hits="0"/>
						<line number="98" hits="0"/>
						<line number="100" hits="0"/>
						<line number="107" hits="0"/>
						<line number="108" hits="0"/>
						<line number="109" hits="0"/>
						<line number="110" hits="0"/>
						<line number="111" hits="0"/>
						<line number="114" hits="1"/>
						<line number="115" hits="0"/>
						<line number="116" hits="0"/>
						<line number="117" hits="0"/>
						<line number="118" hits="0"/>
						<line number="119" hits="0"/>
						<line number="120" hits="0"/>
						<line number="121" hits="0"/>
						<line number="124" hits="1"/>
						<line number="125" hits="0"/>
						<line number="126" hits="0"/>
						<line number="127" hits="0"/>
						<line number="128" hits="0"/>
						<line number="129" hits="0"/>
					</lines>
				</class>
			</classes>
		</package>
		<package name="ERP.utils" line-rate="0.1667" branch-rate="0" complexity="0">
			<classes>
				<class name="tracing.py" filename="ERP/utils/tracing.py" complexity="0" line-rate="0.1667" branch-rate="0">
					<methods/>
					<lines>
						<line number="5" hits="1"/>
						<line number="6" hits="1"/>
						<line number="7" hits="1"/>
						<line number="8" hits="1"/>
						<line number="9" hits="1"/>
						<line number="10" hits="1"/>
						<line number="11" hits="0"/>
						<line number="12" hits="0"/>
						<line number="13" hits="0"/>
						<line number="14" hits="0"/>
						<line number="15" hits="0"/>
						<line number="18" hits="0"/>
						<line number="32" hits="0"/>
						<line number="33" hits="0"/>
						<line number="36" hits="0"/>
						<line number="37" hits="0"/>
						<line number="40" hits="0"/>
						<line number="46" hits="0"/>
						<line number="49" hits="0"/>
						<line number="51" hits="0"/>
						<line number="53" hits="0"/>
						<line number="54" hits="0"/>
						<line number="56" hits="0"/>
						<line number="60" hits="0"/>
						<line number="62" hits="0"/>
						<line number="64" hits="0"/>
						<line number="67" hits="0"/>
						<line number="68" hits="0"/>
						<line number="71" hits="0"/>
						<line number="74" hits="0"/>
						<line number="77" hits="0"/>
						<line number="78" hits="0"/>
						<line number="79" hits="0"/>
						<line number="80" hits="0"/>
						<line number="82" hits="0"/>
						<line number="86" hits="0"/>
					</lines>
				</class>
			</classes>
		</package>
		<package name="ERP.voucher_schema" line-rate="0.7015" branch-rate="0" complexity="0">
			<classes>
				<class name="__init__.py" filename="ERP/voucher_schema/__init__.py" complexity="0" line-rate="1" branch-rate="0">
					<methods/>
					<lines/>
				</class>
				<class name="admin.py" filename="ERP/voucher_schema/admin.py" complexity="0" line-rate="1" branch-rate="0">
					<methods/>
					<lines>
						<line number="1" hits="1"/>
						<line number="2" hits="1"/>
						<line number="4" hits="1"/>
						<line number="5" hits="1"/>
						<line number="6" hits="1"/>
						<line number="7" hits="1"/>
						<line number="8" hits="1"/>
						<line number="9" hits="1"/>
					</lines>
				</class>
				<class name="apps.py" filename="ERP/voucher_schema/apps.py" complexity="0" line-rate="1" branch-rate="0">
					<methods/>
					<lines>
						<line number="1" hits="1"/>
						<line number="3" hits="1"/>
						<line number="4" hits="1"/>
						<line number="5" hits="1"/>
						<line number="7" hits="1"/>
						<line number="8" hits="1"/>
					</lines>
				</class>
				<class name="loader.py" filename="ERP/voucher_schema/loader.py" complexity="0" line-rate="0.3571" branch-rate="0">
					<methods/>
					<lines>
						<line number="1" hits="1"/>
						<line number="2" hits="1"/>
						<line number="3" hits="1"/>
						<line number="4" hits="1"/>
						<line number="5" hits="1"/>
						<line number="6" hits="1"/>
						<line number="9" hits="1"/>
						<line number="11" hits="1"/>
						<line number="14" hits="1"/>
						<line number="20" hits="0"/>
						<line number="21" hits="0"/>
						<line number="24" hits="0"/>
						<line number="25" hits="0"/>
						<line number="26" hits="0"/>
						<line number="27" hits="0"/>
						<line number="30" hits="0"/>
						<line number="31" hits="0"/>
						<line number="32" hits="0"/>
						<line number="33" hits="0"/>
						<line number="34" hits="0"/>
						<line number="35" hits="0"/>
						<line number="37" hits="0"/>
						<line number="38" hits="0"/>
						<line number="39" hits="0"/>
						<line number="40" hits="0"/>
						<line number="42" hits="1"/>
						<line number="44" hits="0"/>
						<line number="45" hits="0"/>
					</lines>
				</class>
				<class name="models.py" filename="ERP/voucher_schema/models.py" complexity="0" line-rate="0.9444" branch-rate="0">
					<methods/>
					<lines>
						<line number="1" hits="1"/>
						<line number="2" hits="1"/>
						<line number="3" hits="1"/>
						<line number="5" hits="1"/>
						<line number="6" hits="1"/>
						<line number="7" hits="1"/>
						<line number="8" hits="1"/>
						<line number="9" hits="1"/>
						<line number="10" hits="1"/>
						<line number="16" hits="1"/>
						<line number="17" hits="1"/>
						<line number="18" hits="1"/>
						<line number="20" hits="1"/>
						<line number="21" hits="1"/>
						<line number="22" hits="1"/>
						<line number="23" hits="1"/>
						<line number="27" hits="1"/>
						<line number="28" hits="0"/>
					</lines>
				</class>
				<class name="signals.py" filename="ERP/voucher_schema/signals.py" complexity="0" line-rate="0.8571" branch-rate="0">
					<methods/>
					<lines>
						<line number="1" hits="1"/>
						<line number="2" hits="1"/>
						<line number="3" hits="1"/>
						<line number="4" hits="1"/>
						<line number="6" hits="1"/>
						<line number="7" hits="1"/>
						<line number="8" hits="0"/>
					</lines>
				</class>
			</classes>
		</package>
	</packages>
</coverage>
