Traceback (most recent call last):
  File "C:\Users\ritsn\AppData\Roaming\Python\Python313\site-packages\django\db\models\fields\related_descriptors.py", line 218, in __get__
    rel_obj = self.field.get_cached_value(instance)
  File "C:\Users\ritsn\AppData\Roaming\Python\Python313\site-packages\django\db\models\fields\mixins.py", line 15, in get_cached_value
    return instance._state.fields_cache[cache_name]
           ~~~~~~~~~~~~~~~~~~~~~~~~~~~~^^^^^^^^^^^^
KeyError: 'base_currency_code'

During handling of the above exception, another exception occurred:

Traceback (most recent call last):
  File "C:\Users\ritsn\AppData\Roaming\Python\Python313\site-packages\django\db\backends\utils.py", line 89, in _execute
    return self.cursor.execute(sql, params)
           ~~~~~~~~~~~~~~~~~~~^^^^^^^^^^^^^
psycopg2.errors.UndefinedColumn: column currency.isdefault does not exist
LINE 1: ...me", "currency"."symbol", "currency"."is_active", "currency"...
                                                             ^


The above exception was the direct cause of the following exception:

Traceback (most recent call last):
  File "C:\PythonProjects\Himalytix\ERP\debug_seed.py", line 16, in <module>
    call_command("seed_voucher_demo")
    ~~~~~~~~~~~~^^^^^^^^^^^^^^^^^^^^^
  File "C:\Users\ritsn\AppData\Roaming\Python\Python313\site-packages\django\core\management\__init__.py", line 194, in call_command
    return command.execute(*args, **defaults)
           ~~~~~~~~~~~~~~~^^^^^^^^^^^^^^^^^^^
  File "C:\Users\ritsn\AppData\Roaming\Python\Python313\site-packages\django\core\management\base.py", line 458, in execute
    output = self.handle(*args, **options)
  File "C:\PythonProjects\Himalytix\ERP\accounting\management\commands\seed_voucher_demo.py", line 70, in handle
    org_currency_value = org.base_currency_code
                         ^^^^^^^^^^^^^^^^^^^^^^
  File "C:\Users\ritsn\AppData\Roaming\Python\Python313\site-packages\django\db\models\fields\related_descriptors.py", line 236, in __get__
    rel_obj = self.get_object(instance)
  File "C:\Users\ritsn\AppData\Roaming\Python\Python313\site-packages\django\db\models\fields\related_descriptors.py", line 199, in get_object
    return qs.get(self.field.get_reverse_related_filter(instance))
           ~~~~~~^^^^^^^^^^^^^^^^^^^^^^^^^^^^^^^^^^^^^^^^^^^^^^^^^
  File "C:\Users\ritsn\AppData\Roaming\Python\Python313\site-packages\django\db\models\query.py", line 635, in get
    num = len(clone)
  File "C:\Users\ritsn\AppData\Roaming\Python\Python313\site-packages\django\db\models\query.py", line 382, in __len__
    self._fetch_all()
    ~~~~~~~~~~~~~~~^^
  File "C:\Users\ritsn\AppData\Roaming\Python\Python313\site-packages\django\db\models\query.py", line 1886, in _fetch_all
    self._result_cache = list(self._iterable_class(self))
                         ~~~~^^^^^^^^^^^^^^^^^^^^^^^^^^^^
  File "C:\Users\ritsn\AppData\Roaming\Python\Python313\site-packages\django\db\models\query.py", line 93, in __iter__
    results = compiler.execute_sql(
        chunked_fetch=self.chunked_fetch, chunk_size=self.chunk_size
    )
  File "C:\Users\ritsn\AppData\Roaming\Python\Python313\site-packages\django\db\models\sql\compiler.py", line 1562, in execute_sql
    cursor.execute(sql, params)
    ~~~~~~~~~~~~~~^^^^^^^^^^^^^
  File "C:\Users\ritsn\AppData\Roaming\Python\Python313\site-packages\django\db\backends\utils.py", line 102, in execute
    return super().execute(sql, params)
           ~~~~~~~~~~~~~~~^^^^^^^^^^^^^
  File "C:\Users\ritsn\AppData\Roaming\Python\Python313\site-packages\django\db\backends\utils.py", line 67, in execute
    return self._execute_with_wrappers(
           ~~~~~~~~~~~~~~~~~~~~~~~~~~~^
        sql, params, many=False, executor=self._execute
        ^^^^^^^^^^^^^^^^^^^^^^^^^^^^^^^^^^^^^^^^^^^^^^^
    )
    ^
  File "C:\Users\ritsn\AppData\Roaming\Python\Python313\site-packages\django\db\backends\utils.py", line 80, in _execute_with_wrappers
    return executor(sql, params, many, context)
  File "C:\Users\ritsn\AppData\Roaming\Python\Python313\site-packages\django\db\backends\utils.py", line 84, in _execute
    with self.db.wrap_database_errors:
         ^^^^^^^^^^^^^^^^^^^^^^^^^^^^
  File "C:\Users\ritsn\AppData\Roaming\Python\Python313\site-packages\django\db\utils.py", line 91, in __exit__
    raise dj_exc_value.with_traceback(traceback) from exc_value
  File "C:\Users\ritsn\AppData\Roaming\Python\Python313\site-packages\django\db\backends\utils.py", line 89, in _execute
    return self.cursor.execute(sql, params)
           ~~~~~~~~~~~~~~~~~~~^^^^^^^^^^^^^
django.db.utils.ProgrammingError: column currency.isdefault does not exist
LINE 1: ...me", "currency"."symbol", "currency"."is_active", "currency"...
                                                             ^

